ERROR: 11-12 17:31:00: SpiderWorker.py:95 * 9228 'str' object cannot be interpreted as an integer
INFO: 11-12 17:34:02: SpiderWorker.py:87 * 17752 thread 0 start...
ERROR: 11-12 17:34:02: SpiderThread.py:72 * 17992 Can not finish the task. job done. 'str' object has no attribute 'get'
INFO: 11-12 17:34:02: SpiderWorker.py:87 * 17752 thread 1 start...
ERROR: 11-12 17:34:02: SpiderThread.py:72 * 7552 Can not finish the task. job done. 'str' object has no attribute 'get'
INFO: 11-12 17:34:02: SpiderWorker.py:87 * 17752 thread 2 start...
ERROR: 11-12 17:34:02: SpiderThread.py:72 * 6220 Can not finish the task. job done. 'str' object has no attribute 'get'
INFO: 11-12 17:34:02: SpiderWorker.py:87 * 17752 thread 3 start...
ERROR: 11-12 17:34:02: SpiderThread.py:72 * 15656 Can not finish the task. job done. 'str' object has no attribute 'get'
INFO: 11-12 17:34:02: SpiderWorker.py:87 * 17752 thread 4 start...
ERROR: 11-12 17:34:02: SpiderThread.py:72 * 17504 Can not finish the task. job done. 'str' object has no attribute 'get'
INFO: 11-12 17:34:02: SpiderWorker.py:87 * 17752 thread 5 start...
ERROR: 11-12 17:34:02: SpiderThread.py:72 * 17924 Can not finish the task. job done. 'str' object has no attribute 'get'
INFO: 11-12 17:34:02: SpiderWorker.py:87 * 17752 thread 6 start...
ERROR: 11-12 17:34:02: SpiderThread.py:72 * 16896 Can not finish the task. job done. 'str' object has no attribute 'get'
INFO: 11-12 17:34:02: SpiderWorker.py:87 * 17752 thread 7 start...
ERROR: 11-12 17:34:02: SpiderThread.py:72 * 8508 Can not finish the task. job done. 'str' object has no attribute 'get'
INFO: 11-12 17:34:02: SpiderWorker.py:91 * 17752 thread Thread-1 work is done 
INFO: 11-12 17:34:02: SpiderWorker.py:91 * 17752 thread Thread-2 work is done 
INFO: 11-12 17:34:02: SpiderWorker.py:91 * 17752 thread Thread-3 work is done 
INFO: 11-12 17:34:02: SpiderWorker.py:91 * 17752 thread Thread-4 work is done 
INFO: 11-12 17:34:02: SpiderWorker.py:91 * 17752 thread Thread-5 work is done 
INFO: 11-12 17:34:02: SpiderWorker.py:91 * 17752 thread Thread-6 work is done 
INFO: 11-12 17:34:02: SpiderWorker.py:91 * 17752 thread Thread-7 work is done 
INFO: 11-12 17:34:02: SpiderWorker.py:91 * 17752 thread Thread-8 work is done 
INFO: 11-12 17:42:22: SpiderWorker.py:87 * 17192 thread 0 start...
ERROR: 11-12 17:42:22: SpiderThread.py:72 * 17236 Can not finish the task. job done. '<' not supported between instances of 'str' and 'int'
INFO: 11-12 17:42:22: SpiderWorker.py:87 * 17192 thread 1 start...
ERROR: 11-12 17:42:22: SpiderThread.py:72 * 17276 Can not finish the task. job done. '<' not supported between instances of 'str' and 'int'
INFO: 11-12 17:42:22: SpiderWorker.py:87 * 17192 thread 2 start...
ERROR: 11-12 17:42:22: SpiderThread.py:72 * 6516 Can not finish the task. job done. '<' not supported between instances of 'str' and 'int'
INFO: 11-12 17:42:22: SpiderWorker.py:87 * 17192 thread 3 start...
ERROR: 11-12 17:42:22: SpiderThread.py:72 * 16372 Can not finish the task. job done. '<' not supported between instances of 'str' and 'int'
INFO: 11-12 17:42:22: SpiderWorker.py:87 * 17192 thread 4 start...
ERROR: 11-12 17:42:22: SpiderThread.py:72 * 16228 Can not finish the task. job done. '<' not supported between instances of 'str' and 'int'
INFO: 11-12 17:42:22: SpiderWorker.py:87 * 17192 thread 5 start...
ERROR: 11-12 17:42:22: SpiderThread.py:72 * 15724 Can not finish the task. job done. '<' not supported between instances of 'str' and 'int'
INFO: 11-12 17:42:22: SpiderWorker.py:87 * 17192 thread 6 start...
ERROR: 11-12 17:42:22: SpiderThread.py:72 * 16140 Can not finish the task. job done. '<' not supported between instances of 'str' and 'int'
INFO: 11-12 17:42:22: SpiderWorker.py:87 * 17192 thread 7 start...
ERROR: 11-12 17:42:22: SpiderThread.py:72 * 1376 Can not finish the task. job done. '<' not supported between instances of 'str' and 'int'
INFO: 11-12 17:42:22: SpiderWorker.py:91 * 17192 thread Thread-1 work is done 
INFO: 11-12 17:42:22: SpiderWorker.py:91 * 17192 thread Thread-2 work is done 
INFO: 11-12 17:42:22: SpiderWorker.py:91 * 17192 thread Thread-3 work is done 
INFO: 11-12 17:42:22: SpiderWorker.py:91 * 17192 thread Thread-4 work is done 
INFO: 11-12 17:42:22: SpiderWorker.py:91 * 17192 thread Thread-5 work is done 
INFO: 11-12 17:42:22: SpiderWorker.py:91 * 17192 thread Thread-6 work is done 
INFO: 11-12 17:42:22: SpiderWorker.py:91 * 17192 thread Thread-7 work is done 
INFO: 11-12 17:42:22: SpiderWorker.py:91 * 17192 thread Thread-8 work is done 
INFO: 11-12 17:45:16: SpiderWorker.py:87 * 6548 thread 0 start...
ERROR: 11-12 17:45:16: SpiderThread.py:72 * 16728 Can not finish the task. job done. '<' not supported between instances of 'str' and 'int'
INFO: 11-12 17:45:16: SpiderWorker.py:87 * 6548 thread 1 start...
ERROR: 11-12 17:45:16: SpiderThread.py:72 * 1452 Can not finish the task. job done. '<' not supported between instances of 'str' and 'int'
INFO: 11-12 17:45:16: SpiderWorker.py:87 * 6548 thread 2 start...
ERROR: 11-12 17:45:16: SpiderThread.py:72 * 10872 Can not finish the task. job done. '<' not supported between instances of 'str' and 'int'
INFO: 11-12 17:45:16: SpiderWorker.py:87 * 6548 thread 3 start...
ERROR: 11-12 17:45:16: SpiderThread.py:72 * 4508 Can not finish the task. job done. '<' not supported between instances of 'str' and 'int'
INFO: 11-12 17:45:16: SpiderWorker.py:87 * 6548 thread 4 start...
ERROR: 11-12 17:45:16: SpiderThread.py:72 * 3252 Can not finish the task. job done. '<' not supported between instances of 'str' and 'int'
INFO: 11-12 17:45:16: SpiderWorker.py:87 * 6548 thread 5 start...
ERROR: 11-12 17:45:16: SpiderThread.py:72 * 15636 Can not finish the task. job done. '<' not supported between instances of 'str' and 'int'
INFO: 11-12 17:45:16: SpiderWorker.py:87 * 6548 thread 6 start...
ERROR: 11-12 17:45:16: SpiderThread.py:72 * 6868 Can not finish the task. job done. '<' not supported between instances of 'str' and 'int'
INFO: 11-12 17:45:16: SpiderWorker.py:87 * 6548 thread 7 start...
ERROR: 11-12 17:45:16: SpiderThread.py:72 * 14036 Can not finish the task. job done. '<' not supported between instances of 'str' and 'int'
INFO: 11-12 17:45:16: SpiderWorker.py:91 * 6548 thread Thread-1 work is done 
INFO: 11-12 17:45:16: SpiderWorker.py:91 * 6548 thread Thread-2 work is done 
INFO: 11-12 17:45:16: SpiderWorker.py:91 * 6548 thread Thread-3 work is done 
INFO: 11-12 17:45:16: SpiderWorker.py:91 * 6548 thread Thread-4 work is done 
INFO: 11-12 17:45:16: SpiderWorker.py:91 * 6548 thread Thread-5 work is done 
INFO: 11-12 17:45:16: SpiderWorker.py:91 * 6548 thread Thread-6 work is done 
INFO: 11-12 17:45:16: SpiderWorker.py:91 * 6548 thread Thread-7 work is done 
INFO: 11-12 17:45:16: SpiderWorker.py:91 * 6548 thread Thread-8 work is done 
INFO: 11-12 17:58:02: SpiderWorker.py:87 * 18324 thread 0 start...
ERROR: 11-12 17:58:02: SpiderThread.py:72 * 8516 Can not finish the task. job done. '<' not supported between instances of 'str' and 'int'
INFO: 11-12 17:58:02: SpiderWorker.py:87 * 18324 thread 1 start...
ERROR: 11-12 17:58:02: SpiderThread.py:72 * 12380 Can not finish the task. job done. '<' not supported between instances of 'str' and 'int'
INFO: 11-12 17:58:02: SpiderWorker.py:87 * 18324 thread 2 start...
ERROR: 11-12 17:58:02: SpiderThread.py:72 * 17528 Can not finish the task. job done. '<' not supported between instances of 'str' and 'int'
INFO: 11-12 17:58:02: SpiderWorker.py:87 * 18324 thread 3 start...
ERROR: 11-12 17:58:02: SpiderThread.py:72 * 1660 Can not finish the task. job done. '<' not supported between instances of 'str' and 'int'
INFO: 11-12 17:58:02: SpiderWorker.py:87 * 18324 thread 4 start...
ERROR: 11-12 17:58:02: SpiderThread.py:72 * 16520 Can not finish the task. job done. '<' not supported between instances of 'str' and 'int'
INFO: 11-12 17:58:02: SpiderWorker.py:87 * 18324 thread 5 start...
ERROR: 11-12 17:58:02: SpiderThread.py:72 * 17876 Can not finish the task. job done. '<' not supported between instances of 'str' and 'int'
INFO: 11-12 17:58:02: SpiderWorker.py:87 * 18324 thread 6 start...
ERROR: 11-12 17:58:02: SpiderThread.py:72 * 8400 Can not finish the task. job done. '<' not supported between instances of 'str' and 'int'
INFO: 11-12 17:58:02: SpiderWorker.py:87 * 18324 thread 7 start...
ERROR: 11-12 17:58:02: SpiderThread.py:72 * 14148 Can not finish the task. job done. '<' not supported between instances of 'str' and 'int'
INFO: 11-12 17:58:02: SpiderWorker.py:91 * 18324 thread Thread-1 work is done 
INFO: 11-12 17:58:02: SpiderWorker.py:91 * 18324 thread Thread-2 work is done 
INFO: 11-12 17:58:02: SpiderWorker.py:91 * 18324 thread Thread-3 work is done 
INFO: 11-12 17:58:02: SpiderWorker.py:91 * 18324 thread Thread-4 work is done 
INFO: 11-12 17:58:02: SpiderWorker.py:91 * 18324 thread Thread-5 work is done 
INFO: 11-12 17:58:02: SpiderWorker.py:91 * 18324 thread Thread-6 work is done 
INFO: 11-12 17:58:02: SpiderWorker.py:91 * 18324 thread Thread-7 work is done 
INFO: 11-12 17:58:02: SpiderWorker.py:91 * 18324 thread Thread-8 work is done 
INFO: 11-12 18:02:00: SpiderWorker.py:87 * 8456 thread 0 start...
INFO: 11-12 18:02:00: SpiderWorker.py:87 * 8456 thread 1 start...
INFO: 11-12 18:02:00: SpiderWorker.py:87 * 8456 thread 2 start...
INFO: 11-12 18:02:00: SpiderWorker.py:87 * 8456 thread 3 start...
INFO: 11-12 18:02:00: SpiderWorker.py:87 * 8456 thread 4 start...
INFO: 11-12 18:02:00: SpiderWorker.py:87 * 8456 thread 5 start...
INFO: 11-12 18:02:00: SpiderWorker.py:87 * 8456 thread 6 start...
INFO: 11-12 18:02:00: SpiderWorker.py:87 * 8456 thread 7 start...
INFO: 11-12 18:02:00: SpiderWorker.py:91 * 8456 thread Thread-1 work is done 
INFO: 11-12 18:02:00: SpiderWorker.py:91 * 8456 thread Thread-2 work is done 
INFO: 11-12 18:02:00: SpiderWorker.py:91 * 8456 thread Thread-3 work is done 
INFO: 11-12 18:02:00: SpiderWorker.py:91 * 8456 thread Thread-4 work is done 
INFO: 11-12 18:02:00: SpiderWorker.py:91 * 8456 thread Thread-5 work is done 
INFO: 11-12 18:02:00: SpiderWorker.py:91 * 8456 thread Thread-6 work is done 
INFO: 11-12 18:02:00: SpiderWorker.py:91 * 8456 thread Thread-7 work is done 
INFO: 11-12 18:02:00: SpiderWorker.py:91 * 8456 thread Thread-8 work is done 
INFO: 11-12 18:03:59: SpiderWorker.py:87 * 17604 thread 0 start...
INFO: 11-12 18:03:59: SpiderWorker.py:87 * 17604 thread 1 start...
INFO: 11-12 18:03:59: SpiderWorker.py:87 * 17604 thread 2 start...
INFO: 11-12 18:03:59: SpiderWorker.py:87 * 17604 thread 3 start...
INFO: 11-12 18:03:59: SpiderWorker.py:87 * 17604 thread 4 start...
INFO: 11-12 18:03:59: SpiderWorker.py:87 * 17604 thread 5 start...
INFO: 11-12 18:03:59: SpiderWorker.py:87 * 17604 thread 6 start...
INFO: 11-12 18:03:59: SpiderWorker.py:87 * 17604 thread 7 start...
ERROR: 11-12 18:04:00: UrlHandler.py:49 * 2636 Cannot mix str and non-str arguments
INFO: 11-12 18:04:00: SpiderWorker.py:91 * 17604 thread Thread-1 work is done 
ERROR: 11-12 18:04:01: SpiderThread.py:72 * 1780 Can not finish the task. job done. 
INFO: 11-12 18:04:01: SpiderWorker.py:91 * 17604 thread Thread-2 work is done 
ERROR: 11-12 18:04:01: SpiderThread.py:72 * 18316 Can not finish the task. job done. 
ERROR: 11-12 18:04:01: SpiderThread.py:72 * 14396 Can not finish the task. job done. 
ERROR: 11-12 18:04:01: SpiderThread.py:72 * 14552 Can not finish the task. job done. 
ERROR: 11-12 18:04:01: SpiderThread.py:72 * 3432 Can not finish the task. job done. 
INFO: 11-12 18:04:01: SpiderWorker.py:91 * 17604 thread Thread-3 work is done 
INFO: 11-12 18:04:01: SpiderWorker.py:91 * 17604 thread Thread-4 work is done 
INFO: 11-12 18:04:01: SpiderWorker.py:91 * 17604 thread Thread-5 work is done 
INFO: 11-12 18:04:01: SpiderWorker.py:91 * 17604 thread Thread-6 work is done 
ERROR: 11-12 18:04:01: SpiderThread.py:72 * 16044 Can not finish the task. job done. 
ERROR: 11-12 18:04:01: SpiderThread.py:72 * 5384 Can not finish the task. job done. 
INFO: 11-12 18:04:01: SpiderWorker.py:91 * 17604 thread Thread-7 work is done 
INFO: 11-12 18:04:01: SpiderWorker.py:91 * 17604 thread Thread-8 work is done 
INFO: 11-12 18:04:01: SpiderWorker.py:94 * 17604 queue is all done
INFO: 11-12 18:04:53: SpiderWorker.py:87 * 11440 thread 0 start...
INFO: 11-12 18:04:53: SpiderWorker.py:87 * 11440 thread 1 start...
INFO: 11-12 18:04:53: SpiderWorker.py:87 * 11440 thread 2 start...
INFO: 11-12 18:04:53: SpiderWorker.py:87 * 11440 thread 3 start...
INFO: 11-12 18:04:53: SpiderWorker.py:87 * 11440 thread 4 start...
INFO: 11-12 18:04:53: SpiderWorker.py:87 * 11440 thread 5 start...
INFO: 11-12 18:04:53: SpiderWorker.py:87 * 11440 thread 6 start...
INFO: 11-12 18:04:53: SpiderWorker.py:87 * 11440 thread 7 start...
ERROR: 11-12 18:04:54: UrlHandler.py:49 * 15488 Cannot mix str and non-str arguments
ERROR: 11-12 18:04:55: SpiderThread.py:72 * 13496 Can not finish the task. job done. 
ERROR: 11-12 18:04:55: SpiderThread.py:72 * 14092 Can not finish the task. job done. 
ERROR: 11-12 18:04:55: SpiderThread.py:72 * 4744 Can not finish the task. job done. 
ERROR: 11-12 18:04:55: SpiderThread.py:72 * 4232 Can not finish the task. job done. 
ERROR: 11-12 18:04:55: SpiderThread.py:72 * 14748 Can not finish the task. job done. 
ERROR: 11-12 18:04:55: SpiderThread.py:72 * 15740 Can not finish the task. job done. 
ERROR: 11-12 18:04:55: SpiderThread.py:72 * 16956 Can not finish the task. job done. 
ERROR: 11-12 18:04:56: SpiderThread.py:72 * 15488 Can not finish the task. job done. 
INFO: 11-12 18:04:56: SpiderWorker.py:91 * 11440 thread Thread-1 work is done 
INFO: 11-12 18:04:56: SpiderWorker.py:91 * 11440 thread Thread-2 work is done 
INFO: 11-12 18:04:56: SpiderWorker.py:91 * 11440 thread Thread-3 work is done 
INFO: 11-12 18:04:56: SpiderWorker.py:91 * 11440 thread Thread-4 work is done 
INFO: 11-12 18:04:56: SpiderWorker.py:91 * 11440 thread Thread-5 work is done 
INFO: 11-12 18:04:56: SpiderWorker.py:91 * 11440 thread Thread-6 work is done 
INFO: 11-12 18:04:56: SpiderWorker.py:91 * 11440 thread Thread-7 work is done 
INFO: 11-12 18:04:56: SpiderWorker.py:91 * 11440 thread Thread-8 work is done 
INFO: 11-12 18:04:56: SpiderWorker.py:94 * 11440 queue is all done
INFO: 11-12 18:05:39: SpiderWorker.py:87 * 16432 thread 0 start...
INFO: 11-12 18:05:39: SpiderWorker.py:87 * 16432 thread 1 start...
INFO: 11-12 18:05:39: SpiderWorker.py:87 * 16432 thread 2 start...
INFO: 11-12 18:05:39: SpiderWorker.py:87 * 16432 thread 3 start...
INFO: 11-12 18:05:39: SpiderWorker.py:87 * 16432 thread 4 start...
INFO: 11-12 18:05:39: SpiderWorker.py:87 * 16432 thread 5 start...
INFO: 11-12 18:05:39: SpiderWorker.py:87 * 16432 thread 6 start...
INFO: 11-12 18:05:39: SpiderWorker.py:87 * 16432 thread 7 start...
ERROR: 11-12 18:05:40: UrlHandler.py:49 * 12712 Cannot mix str and non-str arguments
ERROR: 11-12 18:05:41: SpiderThread.py:72 * 8500 Can not finish the task. job done. 
ERROR: 11-12 18:05:41: SpiderThread.py:72 * 18032 Can not finish the task. job done. 
ERROR: 11-12 18:05:41: SpiderThread.py:72 * 16896 Can not finish the task. job done. 
ERROR: 11-12 18:05:41: SpiderThread.py:72 * 9280 Can not finish the task. job done. 
ERROR: 11-12 18:05:41: SpiderThread.py:72 * 17644 Can not finish the task. job done. 
ERROR: 11-12 18:05:41: SpiderThread.py:72 * 7192 Can not finish the task. job done. 
ERROR: 11-12 18:05:41: SpiderThread.py:72 * 10816 Can not finish the task. job done. 
ERROR: 11-12 18:05:42: SpiderThread.py:72 * 12712 Can not finish the task. job done. 
INFO: 11-12 18:05:42: SpiderWorker.py:91 * 16432 thread Thread-1 work is done 
INFO: 11-12 18:05:42: SpiderWorker.py:91 * 16432 thread Thread-2 work is done 
INFO: 11-12 18:05:42: SpiderWorker.py:91 * 16432 thread Thread-3 work is done 
INFO: 11-12 18:05:42: SpiderWorker.py:91 * 16432 thread Thread-4 work is done 
INFO: 11-12 18:05:42: SpiderWorker.py:91 * 16432 thread Thread-5 work is done 
INFO: 11-12 18:05:42: SpiderWorker.py:91 * 16432 thread Thread-6 work is done 
INFO: 11-12 18:05:42: SpiderWorker.py:91 * 16432 thread Thread-7 work is done 
INFO: 11-12 18:05:42: SpiderWorker.py:91 * 16432 thread Thread-8 work is done 
INFO: 11-12 18:05:42: SpiderWorker.py:94 * 16432 queue is all done
INFO: 11-12 18:09:25: SpiderWorker.py:87 * 16264 thread 0 start...
INFO: 11-12 18:09:25: SpiderWorker.py:87 * 16264 thread 1 start...
INFO: 11-12 18:09:25: SpiderWorker.py:87 * 16264 thread 2 start...
INFO: 11-12 18:09:25: SpiderWorker.py:87 * 16264 thread 3 start...
INFO: 11-12 18:09:25: SpiderWorker.py:87 * 16264 thread 4 start...
INFO: 11-12 18:09:25: SpiderWorker.py:87 * 16264 thread 5 start...
INFO: 11-12 18:09:25: SpiderWorker.py:87 * 16264 thread 6 start...
INFO: 11-12 18:09:25: SpiderWorker.py:87 * 16264 thread 7 start...
INFO: 11-12 18:10:00: SpiderWorker.py:91 * 16264 thread Thread-1 work is done 
INFO: 11-12 18:10:00: SpiderWorker.py:91 * 16264 thread Thread-2 work is done 
INFO: 11-12 18:10:00: SpiderWorker.py:91 * 16264 thread Thread-3 work is done 
INFO: 11-12 18:10:12: SpiderWorker.py:91 * 16264 thread Thread-4 work is done 
INFO: 11-12 18:10:34: SpiderWorker.py:91 * 16264 thread Thread-5 work is done 
INFO: 11-12 18:10:34: SpiderWorker.py:91 * 16264 thread Thread-6 work is done 
INFO: 11-12 18:10:34: SpiderWorker.py:91 * 16264 thread Thread-7 work is done 
INFO: 11-12 18:10:34: SpiderWorker.py:91 * 16264 thread Thread-8 work is done 
INFO: 11-12 18:11:01: SpiderWorker.py:87 * 17364 thread 0 start...
INFO: 11-12 18:11:01: SpiderWorker.py:87 * 17364 thread 1 start...
INFO: 11-12 18:11:01: SpiderWorker.py:87 * 17364 thread 2 start...
INFO: 11-12 18:11:01: SpiderWorker.py:87 * 17364 thread 3 start...
INFO: 11-12 18:11:01: SpiderWorker.py:87 * 17364 thread 4 start...
INFO: 11-12 18:11:01: SpiderWorker.py:87 * 17364 thread 5 start...
INFO: 11-12 18:11:01: SpiderWorker.py:87 * 17364 thread 6 start...
INFO: 11-12 18:11:01: SpiderWorker.py:87 * 17364 thread 7 start...
INFO: 11-12 18:11:09: UrlHandler.py:135 * 7276 download url..: https://www.cnblogs.com/skins/custom/images/logo.gif
INFO: 11-12 18:11:12: UrlHandler.py:135 * 8516 download url..: https://img2020.cnblogs.com/blog/35695/202011/35695-20201104135303888-13496776.png
INFO: 11-12 18:11:35: UrlHandler.py:135 * 6248 download url..: https://img2018.cnblogs.com/blog/431521/201904/431521-20190415111037844-1058636985.png
INFO: 11-12 18:11:35: UrlHandler.py:135 * 3016 download url..: https://img2018.cnblogs.com/blog/431521/201905/431521-20190527114819756-1016503242.png
INFO: 11-12 18:11:38: UrlHandler.py:135 * 7276 download url..: https://img2018.cnblogs.com/blog/431521/201905/431521-20190527114900846-1713897379.png
INFO: 11-12 18:11:40: UrlHandler.py:135 * 11424 download url..: https://img2018.cnblogs.com/blog/431521/201905/431521-20190527114843273-1830554344.png
INFO: 11-12 18:11:41: UrlHandler.py:135 * 15944 download url..: https://img2018.cnblogs.com/blog/431521/201905/431521-20190527114950727-414993749.png
INFO: 11-12 18:11:43: UrlHandler.py:135 * 2268 download url..: https://img2018.cnblogs.com/blog/431521/201905/431521-20190527114718749-1725353898.png
INFO: 11-12 18:11:45: UrlHandler.py:135 * 7276 download url..: https://img2018.cnblogs.com/blog/431521/201905/431521-20190527114912076-366793398.png
INFO: 11-12 18:11:45: UrlHandler.py:135 * 8516 download url..: https://img2018.cnblogs.com/blog/431521/201905/431521-20190527114927784-181508945.png
INFO: 11-12 18:11:53: UrlHandler.py:135 * 11424 download url..: https://img2018.cnblogs.com/blog/431521/201905/431521-20190527114829322-927181287.png
INFO: 11-12 18:11:54: UrlHandler.py:135 * 6248 download url..: https://img2018.cnblogs.com/blog/431521/201905/431521-20190527114937974-1082184208.png
INFO: 11-12 18:11:59: UrlHandler.py:135 * 15944 download url..: https://img2018.cnblogs.com/blog/431521/201905/431521-20190527114739918-949030815.png
INFO: 11-12 18:12:00: UrlHandler.py:135 * 8336 download url..: https://img2018.cnblogs.com/blog/431521/201905/431521-20190527114918976-809611856.png
ERROR: 11-12 18:12:33: UrlHandler.py:49 * 11424 HTTPConnectionPool(host='www.beian.miit.gov.cn', port=80): Max retries exceeded with url: / (Caused by NewConnectionError('<urllib3.connection.HTTPConnection object at 0x0000026AEE855160>: Failed to establish a new connection: [Errno 11001] getaddrinfo failed'))
INFO: 11-12 18:12:34: UrlHandler.py:135 * 2268 download url..: https://img2020.cnblogs.com/blog/35695/202011/35695-20201108112112124-811421304.jpg
INFO: 11-12 18:12:39: UrlHandler.py:135 * 11424 download url..: https://img2018.cnblogs.com/blog/431521/201907/431521-20190704111311847-319389079.png
INFO: 11-12 18:12:43: UrlHandler.py:135 * 6248 download url..: https://img2018.cnblogs.com/blog/431521/201907/431521-20190704111321098-1739080645.png
INFO: 11-12 18:12:43: UrlHandler.py:135 * 3016 download url..: https://img2018.cnblogs.com/blog/431521/201907/431521-20190704111340122-677799039.png
INFO: 11-12 18:12:46: UrlHandler.py:135 * 8516 download url..: https://img2018.cnblogs.com/blog/431521/201907/431521-20190704111257300-260315012.png
INFO: 11-12 18:12:48: UrlHandler.py:135 * 15944 download url..: https://img2018.cnblogs.com/blog/431521/201907/431521-20190704111348940-236559782.png
INFO: 11-12 18:22:38: SpiderWorker.py:87 * 16244 thread 0 start...
INFO: 11-12 18:22:38: SpiderWorker.py:87 * 16244 thread 1 start...
INFO: 11-12 18:22:38: SpiderWorker.py:87 * 16244 thread 2 start...
INFO: 11-12 18:22:38: SpiderWorker.py:87 * 16244 thread 3 start...
INFO: 11-12 18:22:38: SpiderWorker.py:87 * 16244 thread 4 start...
INFO: 11-12 18:22:38: SpiderWorker.py:87 * 16244 thread 5 start...
INFO: 11-12 18:22:38: SpiderWorker.py:87 * 16244 thread 6 start...
INFO: 11-12 18:22:38: SpiderWorker.py:87 * 16244 thread 7 start...
INFO: 11-12 18:22:46: UrlHandler.py:160 * 13880 download url..: https://www.cnblogs.com/skins/custom/images/logo.gif
INFO: 11-12 18:22:47: UrlHandler.py:160 * 14888 download url..: https://img2020.cnblogs.com/blog/35695/202011/35695-20201104135303888-13496776.png
INFO: 11-12 18:23:03: UrlHandler.py:160 * 12180 download url..: http://common.cnblogs.com/images/ico_kb.gif
INFO: 11-12 18:23:04: UrlHandler.py:160 * 12180 download url..: http://common.cnblogs.com/images/ico_blog.gif
INFO: 11-12 18:23:04: UrlHandler.py:160 * 15648 download url..: http://common.cnblogs.com/images/logo/logo20170227.png
INFO: 11-12 18:23:05: UrlHandler.py:160 * 14760 download url..: http://common.cnblogs.com/images/ico_news.gif
INFO: 11-12 18:23:08: UrlHandler.py:160 * 18052 download url..: http://common.cnblogs.com/images/ico_bookmark.gif
INFO: 11-12 18:23:09: UrlHandler.py:160 * 15648 download url..: http://common.cnblogs.com/images/ico_ing.gif
INFO: 11-12 18:23:10: UrlHandler.py:160 * 1752 download url..: http://common.cnblogs.com/images/ico_top.gif
INFO: 11-12 18:23:11: UrlHandler.py:160 * 7288 download url..: http://common.cnblogs.com/images/ico_question.gif
INFO: 11-12 18:23:11: UrlHandler.py:160 * 18052 download url..: http://common.cnblogs.com/images/ico_job.gif
INFO: 11-12 18:23:11: UrlHandler.py:160 * 12180 download url..: http://common.cnblogs.com/images/ico_group.gif
INFO: 11-12 18:23:17: UrlHandler.py:160 * 14888 download url..: https://img2018.cnblogs.com/blog/431521/201905/431521-20190527114912076-366793398.png
INFO: 11-12 18:23:19: UrlHandler.py:160 * 14760 download url..: https://img2018.cnblogs.com/blog/431521/201905/431521-20190527114843273-1830554344.png
INFO: 11-12 18:23:20: UrlHandler.py:160 * 18052 download url..: https://img2018.cnblogs.com/blog/431521/201905/431521-20190527114937974-1082184208.png
INFO: 11-12 18:23:22: UrlHandler.py:160 * 15648 download url..: https://img2018.cnblogs.com/blog/431521/201905/431521-20190527114918976-809611856.png
INFO: 11-12 18:23:22: UrlHandler.py:160 * 12180 download url..: https://img2018.cnblogs.com/blog/431521/201905/431521-20190527114718749-1725353898.png
INFO: 11-12 18:23:23: UrlHandler.py:160 * 7288 download url..: https://img2018.cnblogs.com/blog/431521/201905/431521-20190527114739918-949030815.png
INFO: 11-12 18:23:25: UrlHandler.py:160 * 1752 download url..: https://img2018.cnblogs.com/blog/431521/201905/431521-20190527114950727-414993749.png
INFO: 11-12 18:23:27: UrlHandler.py:160 * 13880 download url..: https://img2018.cnblogs.com/blog/431521/201905/431521-20190527114829322-927181287.png
INFO: 11-12 18:23:40: UrlHandler.py:160 * 14888 download url..: https://img2018.cnblogs.com/blog/431521/201904/431521-20190415111037844-1058636985.png
INFO: 11-12 18:23:43: UrlHandler.py:160 * 18052 download url..: https://img2018.cnblogs.com/blog/431521/201905/431521-20190527114900846-1713897379.png
INFO: 11-12 18:23:43: UrlHandler.py:160 * 7288 download url..: https://img2018.cnblogs.com/blog/431521/201905/431521-20190527114927784-181508945.png
INFO: 11-12 18:23:43: UrlHandler.py:160 * 15648 download url..: https://img2018.cnblogs.com/blog/431521/201905/431521-20190527114819756-1016503242.png
INFO: 11-12 18:23:48: UrlHandler.py:160 * 1752 download url..: https://img2018.cnblogs.com/blog/431521/201907/431521-20190729132325900-668063743.png
INFO: 11-12 18:23:51: UrlHandler.py:160 * 13880 download url..: https://img2018.cnblogs.com/blog/431521/201907/431521-20190729132254540-1439223142.png
INFO: 11-12 18:23:53: UrlHandler.py:160 * 13880 download url..: https://img2018.cnblogs.com/blog/431521/201907/431521-20190729132240176-247020885.png
INFO: 11-12 18:23:57: UrlHandler.py:160 * 1752 download url..: https://img2018.cnblogs.com/blog/431521/201907/431521-20190729132302694-2002809906.png
INFO: 11-12 18:23:57: UrlHandler.py:160 * 13880 download url..: https://img2018.cnblogs.com/blog/431521/201907/431521-20190729132312088-701760480.png
INFO: 11-12 18:27:40: SpiderWorker.py:87 * 16420 thread 0 start...
INFO: 11-12 18:27:40: SpiderWorker.py:87 * 16420 thread 1 start...
INFO: 11-12 18:27:40: SpiderWorker.py:87 * 16420 thread 2 start...
INFO: 11-12 18:27:40: SpiderWorker.py:87 * 16420 thread 3 start...
INFO: 11-12 18:27:40: SpiderWorker.py:87 * 16420 thread 4 start...
INFO: 11-12 18:27:40: SpiderWorker.py:87 * 16420 thread 5 start...
INFO: 11-12 18:27:40: SpiderWorker.py:87 * 16420 thread 6 start...
INFO: 11-12 18:27:40: SpiderWorker.py:87 * 16420 thread 7 start...
INFO: 11-12 18:27:45: UrlHandler.py:160 * 14488 download url..: https://www.cnblogs.com/skins/custom/images/logo.gif
ERROR: 11-12 18:27:45: UrlHandler.py:164 * 14488 download url https://www.cnblogs.com/skins/custom/images/logo.gif fail: [Errno 13] Permission denied: 'D:\\Python\\Mini-spider\\./result.data' 
INFO: 11-12 18:27:45: UrlHandler.py:160 * 15056 download url..: https://img2020.cnblogs.com/blog/35695/202011/35695-20201104135303888-13496776.png
ERROR: 11-12 18:27:45: UrlHandler.py:164 * 15056 download url https://img2020.cnblogs.com/blog/35695/202011/35695-20201104135303888-13496776.png fail: [Errno 13] Permission denied: 'D:\\Python\\Mini-spider\\./result.data' 
ERROR: 11-12 18:28:13: UrlHandler.py:49 * 9920 HTTPConnectionPool(host='www.beian.miit.gov.cn', port=80): Max retries exceeded with url: / (Caused by NewConnectionError('<urllib3.connection.HTTPConnection object at 0x000001ED98B3A3A0>: Failed to establish a new connection: [Errno 11001] getaddrinfo failed'))
INFO: 11-12 18:28:16: UrlHandler.py:160 * 15056 download url..: https://img2020.cnblogs.com/blog/35695/202011/35695-20201108112112124-811421304.jpg
ERROR: 11-12 18:28:16: UrlHandler.py:164 * 15056 download url https://img2020.cnblogs.com/blog/35695/202011/35695-20201108112112124-811421304.jpg fail: [Errno 13] Permission denied: 'D:\\Python\\Mini-spider\\./result.data' 
INFO: 11-12 18:28:22: UrlHandler.py:160 * 15056 download url..: https://img2018.cnblogs.com/blog/431521/201904/431521-20190415111037844-1058636985.png
ERROR: 11-12 18:28:22: UrlHandler.py:164 * 15056 download url https://img2018.cnblogs.com/blog/431521/201904/431521-20190415111037844-1058636985.png fail: [Errno 13] Permission denied: 'D:\\Python\\Mini-spider\\./result.data' 
INFO: 11-12 18:28:33: UrlHandler.py:160 * 14488 download url..: https://img2018.cnblogs.com/blog/431521/201906/431521-20190603105337542-1918784356.png
ERROR: 11-12 18:28:33: UrlHandler.py:164 * 14488 download url https://img2018.cnblogs.com/blog/431521/201906/431521-20190603105337542-1918784356.png fail: [Errno 13] Permission denied: 'D:\\Python\\Mini-spider\\./result.data' 
INFO: 11-12 18:28:39: UrlHandler.py:160 * 16280 download url..: https://pic.cnblogs.com/face/830454/20201101110547.png
ERROR: 11-12 18:28:39: UrlHandler.py:164 * 16280 download url https://pic.cnblogs.com/face/830454/20201101110547.png fail: [Errno 13] Permission denied: 'D:\\Python\\Mini-spider\\./result.data' 
ERROR: 11-12 18:28:40: UrlHandler.py:49 * 17632 HTTPSConnectionPool(host='zh.wikipedia.org', port=443): Max retries exceeded with url: /wiki/Netlink (Caused by ConnectTimeoutError(<urllib3.connection.HTTPSConnection object at 0x000001ED9917F610>, 'Connection to zh.wikipedia.org timed out. (connect timeout=10)'))
INFO: 11-12 18:28:40: UrlHandler.py:160 * 12160 download url..: https://pic.cnblogs.com/face/1590449/20200215122615.png
ERROR: 11-12 18:28:40: UrlHandler.py:164 * 12160 download url https://pic.cnblogs.com/face/1590449/20200215122615.png fail: [Errno 13] Permission denied: 'D:\\Python\\Mini-spider\\./result.data' 
INFO: 11-12 18:28:43: UrlHandler.py:160 * 17632 download url..: https://pic.cnblogs.com/face/1468246/20180817230353.png
ERROR: 11-12 18:28:43: UrlHandler.py:164 * 17632 download url https://pic.cnblogs.com/face/1468246/20180817230353.png fail: [Errno 13] Permission denied: 'D:\\Python\\Mini-spider\\./result.data' 
INFO: 11-12 18:28:46: UrlHandler.py:160 * 12160 download url..: https://pic.cnblogs.com/face/2177591/20201103105415.png
ERROR: 11-12 18:28:46: UrlHandler.py:164 * 12160 download url https://pic.cnblogs.com/face/2177591/20201103105415.png fail: [Errno 13] Permission denied: 'D:\\Python\\Mini-spider\\./result.data' 
INFO: 11-12 18:28:47: UrlHandler.py:160 * 17632 download url..: http://common.cnblogs.com/images/cnnic.png
ERROR: 11-12 18:28:47: UrlHandler.py:164 * 17632 download url http://common.cnblogs.com/images/cnnic.png fail: [Errno 13] Permission denied: 'D:\\Python\\Mini-spider\\./result.data' 
INFO: 11-12 18:28:47: UrlHandler.py:160 * 18276 download url..: https://pic.cnblogs.com/face/472002/20181006220801.png
ERROR: 11-12 18:28:47: UrlHandler.py:164 * 18276 download url https://pic.cnblogs.com/face/472002/20181006220801.png fail: [Errno 13] Permission denied: 'D:\\Python\\Mini-spider\\./result.data' 
INFO: 11-12 18:28:47: UrlHandler.py:160 * 15056 download url..: https://pic.cnblogs.com/face/1218593/20200514095525.png
ERROR: 11-12 18:28:47: UrlHandler.py:164 * 15056 download url https://pic.cnblogs.com/face/1218593/20200514095525.png fail: [Errno 13] Permission denied: 'D:\\Python\\Mini-spider\\./result.data' 
INFO: 11-12 18:28:58: UrlHandler.py:160 * 9920 download url..: https://pic.cnblogs.com/face/1077681/20201015163814.png
ERROR: 11-12 18:28:58: UrlHandler.py:164 * 9920 download url https://pic.cnblogs.com/face/1077681/20201015163814.png fail: [Errno 13] Permission denied: 'D:\\Python\\Mini-spider\\./result.data' 
INFO: 11-12 18:29:01: UrlHandler.py:160 * 15056 download url..: https://pic.cnblogs.com/face/2186635/20201019203913.png
ERROR: 11-12 18:29:01: UrlHandler.py:164 * 15056 download url https://pic.cnblogs.com/face/2186635/20201019203913.png fail: [Errno 13] Permission denied: 'D:\\Python\\Mini-spider\\./result.data' 
INFO: 11-12 18:29:03: UrlHandler.py:160 * 17412 download url..: http://common.cnblogs.com/images/ghs.png
ERROR: 11-12 18:29:03: UrlHandler.py:164 * 17412 download url http://common.cnblogs.com/images/ghs.png fail: [Errno 13] Permission denied: 'D:\\Python\\Mini-spider\\./result.data' 
INFO: 11-12 18:29:05: UrlHandler.py:160 * 9920 download url..: https://pic.cnblogs.com/face/1543450/20200424151206.png
ERROR: 11-12 18:29:05: UrlHandler.py:164 * 9920 download url https://pic.cnblogs.com/face/1543450/20200424151206.png fail: [Errno 13] Permission denied: 'D:\\Python\\Mini-spider\\./result.data' 
INFO: 11-12 18:29:06: UrlHandler.py:160 * 15056 download url..: https://img2020.cnblogs.com/blog/35695/202011/35695-20201110200531630-9844.png
ERROR: 11-12 18:29:06: UrlHandler.py:164 * 15056 download url https://img2020.cnblogs.com/blog/35695/202011/35695-20201110200531630-9844.png fail: [Errno 13] Permission denied: 'D:\\Python\\Mini-spider\\./result.data' 
ERROR: 11-12 18:29:07: UrlHandler.py:49 * 14488 ('Connection aborted.', ConnectionResetError(10054, '远程主机强迫关闭了一个现有的连接。', None, 10054, None))
INFO: 11-12 18:29:09: UrlHandler.py:160 * 15056 download url..: https://pic.cnblogs.com/face/1308525/20171228213219.png
ERROR: 11-12 18:29:09: UrlHandler.py:164 * 15056 download url https://pic.cnblogs.com/face/1308525/20171228213219.png fail: [Errno 13] Permission denied: 'D:\\Python\\Mini-spider\\./result.data' 
INFO: 11-12 18:29:09: UrlHandler.py:160 * 16280 download url..: https://pic.cnblogs.com/face/1330501/20200909094401.png
ERROR: 11-12 18:29:09: UrlHandler.py:164 * 16280 download url https://pic.cnblogs.com/face/1330501/20200909094401.png fail: [Errno 13] Permission denied: 'D:\\Python\\Mini-spider\\./result.data' 
INFO: 11-12 18:29:10: UrlHandler.py:160 * 12160 download url..: https://pic.cnblogs.com/face/585973/20170424120720.png
ERROR: 11-12 18:29:10: UrlHandler.py:164 * 12160 download url https://pic.cnblogs.com/face/585973/20170424120720.png fail: [Errno 13] Permission denied: 'D:\\Python\\Mini-spider\\./result.data' 
INFO: 11-12 18:29:10: UrlHandler.py:160 * 15056 download url..: https://img2020.cnblogs.com/blog/35695/202011/35695-20201104175410099-1318590500.png
ERROR: 11-12 18:29:10: UrlHandler.py:164 * 15056 download url https://img2020.cnblogs.com/blog/35695/202011/35695-20201104175410099-1318590500.png fail: [Errno 13] Permission denied: 'D:\\Python\\Mini-spider\\./result.data' 
INFO: 11-12 18:29:12: UrlHandler.py:160 * 17412 download url..: https://pic.cnblogs.com/face/2181730/20201014135449.png
ERROR: 11-12 18:29:12: UrlHandler.py:164 * 17412 download url https://pic.cnblogs.com/face/2181730/20201014135449.png fail: [Errno 13] Permission denied: 'D:\\Python\\Mini-spider\\./result.data' 
INFO: 11-12 18:29:14: UrlHandler.py:160 * 17412 download url..: https://pic.cnblogs.com/face/2198756/20201031101758.png
ERROR: 11-12 18:29:14: UrlHandler.py:164 * 17412 download url https://pic.cnblogs.com/face/2198756/20201031101758.png fail: [Errno 13] Permission denied: 'D:\\Python\\Mini-spider\\./result.data' 
ERROR: 11-12 18:29:14: UrlHandler.py:49 * 9920 HTTPConnectionPool(host='www.beian.miit.gov.cn', port=80): Max retries exceeded with url: / (Caused by NewConnectionError('<urllib3.connection.HTTPConnection object at 0x000001ED99BDF070>: Failed to establish a new connection: [Errno 11001] getaddrinfo failed'))
INFO: 11-12 18:29:15: UrlHandler.py:160 * 17632 download url..: https://pic.cnblogs.com/face/u39469.jpg
ERROR: 11-12 18:29:15: UrlHandler.py:164 * 17632 download url https://pic.cnblogs.com/face/u39469.jpg fail: [Errno 13] Permission denied: 'D:\\Python\\Mini-spider\\./result.data' 
INFO: 11-12 18:29:16: UrlHandler.py:160 * 12160 download url..: https://pic.cnblogs.com/face/1018218/20200921102347.png
ERROR: 11-12 18:29:16: UrlHandler.py:164 * 12160 download url https://pic.cnblogs.com/face/1018218/20200921102347.png fail: [Errno 13] Permission denied: 'D:\\Python\\Mini-spider\\./result.data' 
INFO: 11-12 18:29:17: UrlHandler.py:160 * 18276 download url..: https://pic.cnblogs.com/face/435688/20200819103811.png
ERROR: 11-12 18:29:17: UrlHandler.py:164 * 18276 download url https://pic.cnblogs.com/face/435688/20200819103811.png fail: [Errno 13] Permission denied: 'D:\\Python\\Mini-spider\\./result.data' 
INFO: 11-12 18:29:18: UrlHandler.py:160 * 18276 download url..: http://common.cnblogs.com/images/home/ico_question.gif
ERROR: 11-12 18:29:18: UrlHandler.py:164 * 18276 download url http://common.cnblogs.com/images/home/ico_question.gif fail: [Errno 13] Permission denied: 'D:\\Python\\Mini-spider\\./result.data' 
INFO: 11-12 18:29:20: UrlHandler.py:160 * 12160 download url..: http://common.cnblogs.com/images/home/ico_kb.gif
ERROR: 11-12 18:29:20: UrlHandler.py:164 * 12160 download url http://common.cnblogs.com/images/home/ico_kb.gif fail: [Errno 13] Permission denied: 'D:\\Python\\Mini-spider\\./result.data' 
INFO: 11-12 18:29:21: UrlHandler.py:160 * 17632 download url..: http://common.cnblogs.com/images/home/ico_bookmark.gif
ERROR: 11-12 18:29:21: UrlHandler.py:164 * 17632 download url http://common.cnblogs.com/images/home/ico_bookmark.gif fail: [Errno 13] Permission denied: 'D:\\Python\\Mini-spider\\./result.data' 
INFO: 11-12 18:29:24: UrlHandler.py:160 * 17412 download url..: http://common.cnblogs.com/images/home/ico_blog.gif
ERROR: 11-12 18:29:24: UrlHandler.py:164 * 17412 download url http://common.cnblogs.com/images/home/ico_blog.gif fail: [Errno 13] Permission denied: 'D:\\Python\\Mini-spider\\./result.data' 
INFO: 11-12 18:29:25: UrlHandler.py:160 * 17412 download url..: http://common.cnblogs.com/images/logo/logo20170227.png
ERROR: 11-12 18:29:25: UrlHandler.py:164 * 17412 download url http://common.cnblogs.com/images/logo/logo20170227.png fail: [Errno 13] Permission denied: 'D:\\Python\\Mini-spider\\./result.data' 
INFO: 11-12 18:29:25: UrlHandler.py:160 * 15056 download url..: http://common.cnblogs.com/images/home/ico_ing.gif
ERROR: 11-12 18:29:25: UrlHandler.py:164 * 15056 download url http://common.cnblogs.com/images/home/ico_ing.gif fail: [Errno 13] Permission denied: 'D:\\Python\\Mini-spider\\./result.data' 
INFO: 11-12 18:29:25: UrlHandler.py:160 * 9920 download url..: http://common.cnblogs.com/images/home/ico_group.gif
ERROR: 11-12 18:29:25: UrlHandler.py:164 * 9920 download url http://common.cnblogs.com/images/home/ico_group.gif fail: [Errno 13] Permission denied: 'D:\\Python\\Mini-spider\\./result.data' 
INFO: 11-12 18:29:27: UrlHandler.py:160 * 12160 download url..: http://common.cnblogs.com/images/home/ico_job.gif
ERROR: 11-12 18:29:27: UrlHandler.py:164 * 12160 download url http://common.cnblogs.com/images/home/ico_job.gif fail: [Errno 13] Permission denied: 'D:\\Python\\Mini-spider\\./result.data' 
INFO: 11-12 18:29:28: UrlHandler.py:160 * 12160 download url..: http://common.cnblogs.com/images/home/ico_news.gif
ERROR: 11-12 18:29:28: UrlHandler.py:164 * 12160 download url http://common.cnblogs.com/images/home/ico_news.gif fail: [Errno 13] Permission denied: 'D:\\Python\\Mini-spider\\./result.data' 
INFO: 11-12 18:29:29: UrlHandler.py:160 * 17412 download url..: http://common.cnblogs.com/images/ico_top.gif
ERROR: 11-12 18:29:29: UrlHandler.py:164 * 17412 download url http://common.cnblogs.com/images/ico_top.gif fail: [Errno 13] Permission denied: 'D:\\Python\\Mini-spider\\./result.data' 
INFO: 11-12 18:35:44: SpiderWorker.py:87 * 17364 thread 0 start...
INFO: 11-12 18:35:44: SpiderWorker.py:87 * 17364 thread 1 start...
INFO: 11-12 18:35:44: SpiderWorker.py:87 * 17364 thread 2 start...
INFO: 11-12 18:35:44: SpiderWorker.py:87 * 17364 thread 3 start...
INFO: 11-12 18:35:44: SpiderWorker.py:87 * 17364 thread 4 start...
INFO: 11-12 18:35:44: SpiderWorker.py:87 * 17364 thread 5 start...
INFO: 11-12 18:35:44: SpiderWorker.py:87 * 17364 thread 6 start...
INFO: 11-12 18:35:44: SpiderWorker.py:87 * 17364 thread 7 start...
INFO: 11-12 18:35:52: UrlHandler.py:159 * 9904 download url..: https://img2020.cnblogs.com/blog/35695/202011/35695-20201104135303888-13496776.png
ERROR: 11-12 18:35:52: UrlHandler.py:163 * 9904 download url https://img2020.cnblogs.com/blog/35695/202011/35695-20201104135303888-13496776.png fail: [Errno 13] Permission denied: 'D:\\Python\\Mini-spider\\result.data' 
INFO: 11-12 18:35:54: UrlHandler.py:159 * 15372 download url..: https://www.cnblogs.com/skins/custom/images/logo.gif
ERROR: 11-12 18:35:54: UrlHandler.py:163 * 15372 download url https://www.cnblogs.com/skins/custom/images/logo.gif fail: [Errno 13] Permission denied: 'D:\\Python\\Mini-spider\\result.data' 
INFO: 11-12 18:36:09: UrlHandler.py:159 * 11560 download url..: http://common.cnblogs.com/images/ico_ing.gif
ERROR: 11-12 18:36:09: UrlHandler.py:163 * 11560 download url http://common.cnblogs.com/images/ico_ing.gif fail: [Errno 13] Permission denied: 'D:\\Python\\Mini-spider\\result.data' 
INFO: 11-12 18:36:10: UrlHandler.py:159 * 17412 download url..: http://common.cnblogs.com/images/ico_question.gif
ERROR: 11-12 18:36:10: UrlHandler.py:163 * 17412 download url http://common.cnblogs.com/images/ico_question.gif fail: [Errno 13] Permission denied: 'D:\\Python\\Mini-spider\\result.data' 
INFO: 11-12 18:36:12: UrlHandler.py:159 * 9904 download url..: http://common.cnblogs.com/images/ico_group.gif
ERROR: 11-12 18:36:12: UrlHandler.py:163 * 9904 download url http://common.cnblogs.com/images/ico_group.gif fail: [Errno 13] Permission denied: 'D:\\Python\\Mini-spider\\result.data' 
INFO: 11-12 18:36:13: UrlHandler.py:159 * 11384 download url..: http://common.cnblogs.com/images/ico_kb.gif
ERROR: 11-12 18:36:13: UrlHandler.py:163 * 11384 download url http://common.cnblogs.com/images/ico_kb.gif fail: [Errno 13] Permission denied: 'D:\\Python\\Mini-spider\\result.data' 
INFO: 11-12 18:36:13: UrlHandler.py:159 * 11560 download url..: http://common.cnblogs.com/images/logo/logo20170227.png
ERROR: 11-12 18:36:13: UrlHandler.py:163 * 11560 download url http://common.cnblogs.com/images/logo/logo20170227.png fail: [Errno 13] Permission denied: 'D:\\Python\\Mini-spider\\result.data' 
INFO: 11-12 18:36:15: UrlHandler.py:159 * 17412 download url..: http://common.cnblogs.com/images/ico_job.gif
ERROR: 11-12 18:36:15: UrlHandler.py:163 * 17412 download url http://common.cnblogs.com/images/ico_job.gif fail: [Errno 13] Permission denied: 'D:\\Python\\Mini-spider\\result.data' 
INFO: 11-12 18:36:15: UrlHandler.py:159 * 14488 download url..: http://common.cnblogs.com/images/ico_top.gif
ERROR: 11-12 18:36:15: UrlHandler.py:163 * 14488 download url http://common.cnblogs.com/images/ico_top.gif fail: [Errno 13] Permission denied: 'D:\\Python\\Mini-spider\\result.data' 
INFO: 11-12 18:36:16: UrlHandler.py:159 * 11384 download url..: http://common.cnblogs.com/images/ico_news.gif
ERROR: 11-12 18:36:16: UrlHandler.py:163 * 11384 download url http://common.cnblogs.com/images/ico_news.gif fail: [Errno 13] Permission denied: 'D:\\Python\\Mini-spider\\result.data' 
INFO: 11-12 18:36:17: UrlHandler.py:159 * 12160 download url..: http://common.cnblogs.com/images/ico_bookmark.gif
ERROR: 11-12 18:36:17: UrlHandler.py:163 * 12160 download url http://common.cnblogs.com/images/ico_bookmark.gif fail: [Errno 13] Permission denied: 'D:\\Python\\Mini-spider\\result.data' 
INFO: 11-12 18:36:17: UrlHandler.py:159 * 15372 download url..: http://common.cnblogs.com/images/ico_blog.gif
ERROR: 11-12 18:36:17: UrlHandler.py:163 * 15372 download url http://common.cnblogs.com/images/ico_blog.gif fail: [Errno 13] Permission denied: 'D:\\Python\\Mini-spider\\result.data' 
INFO: 11-12 18:36:27: UrlHandler.py:159 * 15372 download url..: https://img2020.cnblogs.com/blog/35695/202011/35695-20201108112112124-811421304.jpg
ERROR: 11-12 18:36:27: UrlHandler.py:163 * 15372 download url https://img2020.cnblogs.com/blog/35695/202011/35695-20201108112112124-811421304.jpg fail: [Errno 13] Permission denied: 'D:\\Python\\Mini-spider\\result.data' 
ERROR: 11-12 18:36:32: UrlHandler.py:49 * 14488 HTTPConnectionPool(host='www.beian.miit.gov.cn', port=80): Max retries exceeded with url: / (Caused by NewConnectionError('<urllib3.connection.HTTPConnection object at 0x000001770E159490>: Failed to establish a new connection: [Errno 11001] getaddrinfo failed'))
INFO: 11-12 18:44:06: SpiderWorker.py:87 * 10104 Thread-1 start...
INFO: 11-12 18:44:06: SpiderWorker.py:87 * 10104 Thread-2 start...
INFO: 11-12 18:44:06: SpiderWorker.py:87 * 10104 Thread-3 start...
INFO: 11-12 18:44:06: SpiderWorker.py:87 * 10104 Thread-4 start...
INFO: 11-12 18:44:06: SpiderWorker.py:87 * 10104 Thread-5 start...
INFO: 11-12 18:44:06: SpiderWorker.py:87 * 10104 Thread-6 start...
INFO: 11-12 18:44:06: SpiderWorker.py:87 * 10104 Thread-7 start...
INFO: 11-12 18:44:06: SpiderWorker.py:87 * 10104 Thread-8 start...
INFO: 11-12 18:44:14: UrlHandler.py:159 * 11672 download url..: https://img2020.cnblogs.com/blog/35695/202011/35695-20201104135303888-13496776.png
ERROR: 11-12 18:44:14: UrlHandler.py:163 * 11672 download url https://img2020.cnblogs.com/blog/35695/202011/35695-20201104135303888-13496776.png fail: [Errno 13] Permission denied: 'D:\\Python\\Mini-spider\\result.data' 
INFO: 11-12 18:44:14: UrlHandler.py:159 * 16228 download url..: https://www.cnblogs.com/skins/custom/images/logo.gif
ERROR: 11-12 18:44:14: UrlHandler.py:163 * 16228 download url https://www.cnblogs.com/skins/custom/images/logo.gif fail: [Errno 13] Permission denied: 'D:\\Python\\Mini-spider\\result.data' 
INFO: 11-12 19:03:11: SpiderWorker.py:70 * 7372 Thread-1 start...
INFO: 11-12 19:03:11: SpiderWorker.py:70 * 7372 Thread-2 start...
INFO: 11-12 19:03:11: SpiderWorker.py:70 * 7372 Thread-3 start...
INFO: 11-12 19:03:11: SpiderWorker.py:70 * 7372 Thread-4 start...
INFO: 11-12 19:03:11: SpiderWorker.py:70 * 7372 Thread-5 start...
INFO: 11-12 19:03:11: SpiderWorker.py:70 * 7372 Thread-6 start...
INFO: 11-12 19:03:11: SpiderWorker.py:70 * 7372 Thread-7 start...
INFO: 11-12 19:03:11: SpiderWorker.py:70 * 7372 Thread-8 start...
INFO: 11-12 19:03:16: UrlHandler.py:159 * 11232 download url..: https://img2020.cnblogs.com/blog/35695/202011/35695-20201104135303888-13496776.png
ERROR: 11-12 19:03:16: UrlHandler.py:163 * 11232 download url https://img2020.cnblogs.com/blog/35695/202011/35695-20201104135303888-13496776.png fail: [Errno 13] Permission denied: 'D:\\Python\\Mini-spider\\result.txt' 
INFO: 11-12 19:03:22: UrlHandler.py:159 * 11232 download url..: https://www.cnblogs.com/skins/custom/images/logo.gif
ERROR: 11-12 19:03:22: UrlHandler.py:163 * 11232 download url https://www.cnblogs.com/skins/custom/images/logo.gif fail: [Errno 13] Permission denied: 'D:\\Python\\Mini-spider\\result.txt' 
INFO: 11-12 19:03:48: UrlHandler.py:159 * 1040 download url..: https://img2018.cnblogs.com/blog/431521/201904/431521-20190415111037844-1058636985.png
ERROR: 11-12 19:03:48: UrlHandler.py:163 * 1040 download url https://img2018.cnblogs.com/blog/431521/201904/431521-20190415111037844-1058636985.png fail: [Errno 13] Permission denied: 'D:\\Python\\Mini-spider\\result.txt' 
INFO: 11-13 10:06:04: SpiderWorker.py:73 * 10356 Thread-1 start...
INFO: 11-13 10:06:04: SpiderWorker.py:73 * 10356 Thread-2 start...
INFO: 11-13 10:06:04: SpiderWorker.py:73 * 10356 Thread-3 start...
INFO: 11-13 10:06:04: SpiderWorker.py:73 * 10356 Thread-4 start...
INFO: 11-13 10:06:04: SpiderWorker.py:73 * 10356 Thread-5 start...
INFO: 11-13 10:06:04: SpiderWorker.py:73 * 10356 Thread-6 start...
INFO: 11-13 10:06:04: SpiderWorker.py:73 * 10356 Thread-7 start...
INFO: 11-13 10:06:04: SpiderWorker.py:73 * 10356 Thread-8 start...
INFO: 11-13 10:06:07: UrlHandler.py:153 * 16900 download url..: https://www.cnblogs.com/skins/custom/images/logo.gif
ERROR: 11-13 10:06:07: UrlHandler.py:157 * 16900 download url https://www.cnblogs.com/skins/custom/images/logo.gif fail: a bytes-like object is required, not 'str' 
INFO: 11-13 10:06:12: UrlHandler.py:153 * 16280 download url..: https://img2020.cnblogs.com/blog/35695/202011/35695-20201104135303888-13496776.png
ERROR: 11-13 10:06:12: UrlHandler.py:157 * 16280 download url https://img2020.cnblogs.com/blog/35695/202011/35695-20201104135303888-13496776.png fail: a bytes-like object is required, not 'str' 
INFO: 11-13 10:06:19: UrlHandler.py:153 * 13224 download url..: http://common.cnblogs.com/images/home/ico_ing.gif
ERROR: 11-13 10:06:19: UrlHandler.py:157 * 13224 download url http://common.cnblogs.com/images/home/ico_ing.gif fail: a bytes-like object is required, not 'str' 
INFO: 11-13 10:06:23: UrlHandler.py:153 * 6812 download url..: http://common.cnblogs.com/images/logo/logo20170227.png
ERROR: 11-13 10:06:23: UrlHandler.py:157 * 6812 download url http://common.cnblogs.com/images/logo/logo20170227.png fail: a bytes-like object is required, not 'str' 
INFO: 11-13 10:06:24: UrlHandler.py:153 * 16752 download url..: http://common.cnblogs.com/images/ico_top.gif
ERROR: 11-13 10:06:24: UrlHandler.py:157 * 16752 download url http://common.cnblogs.com/images/ico_top.gif fail: a bytes-like object is required, not 'str' 
INFO: 11-13 10:06:24: UrlHandler.py:153 * 13224 download url..: http://common.cnblogs.com/images/home/ico_news.gif
ERROR: 11-13 10:06:24: UrlHandler.py:157 * 13224 download url http://common.cnblogs.com/images/home/ico_news.gif fail: a bytes-like object is required, not 'str' 
INFO: 11-13 10:06:24: UrlHandler.py:153 * 1580 download url..: http://common.cnblogs.com/images/home/ico_question.gif
ERROR: 11-13 10:06:24: UrlHandler.py:157 * 1580 download url http://common.cnblogs.com/images/home/ico_question.gif fail: a bytes-like object is required, not 'str' 
INFO: 11-13 10:06:26: UrlHandler.py:153 * 13224 download url..: http://common.cnblogs.com/images/home/ico_blog.gif
ERROR: 11-13 10:06:26: UrlHandler.py:157 * 13224 download url http://common.cnblogs.com/images/home/ico_blog.gif fail: a bytes-like object is required, not 'str' 
INFO: 11-13 10:06:27: UrlHandler.py:153 * 16280 download url..: http://common.cnblogs.com/images/home/ico_bookmark.gif
ERROR: 11-13 10:06:27: UrlHandler.py:157 * 16280 download url http://common.cnblogs.com/images/home/ico_bookmark.gif fail: a bytes-like object is required, not 'str' 
INFO: 11-13 10:06:28: UrlHandler.py:153 * 13224 download url..: http://common.cnblogs.com/images/home/ico_job.gif
ERROR: 11-13 10:06:28: UrlHandler.py:157 * 13224 download url http://common.cnblogs.com/images/home/ico_job.gif fail: a bytes-like object is required, not 'str' 
INFO: 11-13 10:06:29: UrlHandler.py:153 * 16752 download url..: http://common.cnblogs.com/images/home/ico_group.gif
ERROR: 11-13 10:06:29: UrlHandler.py:157 * 16752 download url http://common.cnblogs.com/images/home/ico_group.gif fail: a bytes-like object is required, not 'str' 
INFO: 11-13 10:06:30: UrlHandler.py:153 * 1372 download url..: http://common.cnblogs.com/images/home/ico_kb.gif
ERROR: 11-13 10:06:30: UrlHandler.py:157 * 1372 download url http://common.cnblogs.com/images/home/ico_kb.gif fail: a bytes-like object is required, not 'str' 
INFO: 11-13 10:06:41: UrlHandler.py:153 * 16280 download url..: https://img2018.cnblogs.com/blog/431521/201904/431521-20190415111037844-1058636985.png
ERROR: 11-13 10:06:41: UrlHandler.py:157 * 16280 download url https://img2018.cnblogs.com/blog/431521/201904/431521-20190415111037844-1058636985.png fail: a bytes-like object is required, not 'str' 
INFO: 11-13 10:06:44: UrlHandler.py:153 * 16280 download url..: https://img2018.cnblogs.com/blog/431521/201905/431521-20190520130138641-428372839.png
ERROR: 11-13 10:06:44: UrlHandler.py:157 * 16280 download url https://img2018.cnblogs.com/blog/431521/201905/431521-20190520130138641-428372839.png fail: a bytes-like object is required, not 'str' 
INFO: 11-13 10:06:46: UrlHandler.py:153 * 16900 download url..: https://img2018.cnblogs.com/blog/431521/201905/431521-20190520130105925-378283136.png
ERROR: 11-13 10:06:46: UrlHandler.py:157 * 16900 download url https://img2018.cnblogs.com/blog/431521/201905/431521-20190520130105925-378283136.png fail: a bytes-like object is required, not 'str' 
INFO: 11-13 10:06:48: UrlHandler.py:153 * 16280 download url..: https://img2018.cnblogs.com/blog/431521/201905/431521-20190520130156755-1963745046.png
ERROR: 11-13 10:06:48: UrlHandler.py:157 * 16280 download url https://img2018.cnblogs.com/blog/431521/201905/431521-20190520130156755-1963745046.png fail: a bytes-like object is required, not 'str' 
INFO: 11-13 10:06:50: UrlHandler.py:153 * 13224 download url..: http://common.cnblogs.com/images/icons/yuandou20170322.png
ERROR: 11-13 10:06:50: UrlHandler.py:157 * 13224 download url http://common.cnblogs.com/images/icons/yuandou20170322.png fail: a bytes-like object is required, not 'str' 
INFO: 11-13 10:06:51: UrlHandler.py:153 * 16752 download url..: http://common.cnblogs.com/images/ico_bookmark.gif
ERROR: 11-13 10:06:51: UrlHandler.py:157 * 16752 download url http://common.cnblogs.com/images/ico_bookmark.gif fail: a bytes-like object is required, not 'str' 
INFO: 11-13 10:06:53: UrlHandler.py:153 * 6812 download url..: http://pic.cnblogs.com/face/2037849/20200929151316.png
ERROR: 11-13 10:06:53: UrlHandler.py:157 * 6812 download url http://pic.cnblogs.com/face/2037849/20200929151316.png fail: a bytes-like object is required, not 'str' 
INFO: 11-13 10:06:53: UrlHandler.py:153 * 16280 download url..: http://pic.cnblogs.com/face/1532357/20201019182515.png
ERROR: 11-13 10:06:53: UrlHandler.py:157 * 16280 download url http://pic.cnblogs.com/face/1532357/20201019182515.png fail: a bytes-like object is required, not 'str' 
INFO: 11-13 10:06:55: UrlHandler.py:153 * 6812 download url..: http://common.cnblogs.com/images/ico_job.gif
ERROR: 11-13 10:06:55: UrlHandler.py:157 * 6812 download url http://common.cnblogs.com/images/ico_job.gif fail: a bytes-like object is required, not 'str' 
INFO: 11-13 10:06:55: UrlHandler.py:153 * 13224 download url..: http://pic.cnblogs.com/face/949088/20180926100724.png
ERROR: 11-13 10:06:55: UrlHandler.py:157 * 13224 download url http://pic.cnblogs.com/face/949088/20180926100724.png fail: a bytes-like object is required, not 'str' 
INFO: 11-13 10:06:55: UrlHandler.py:153 * 16900 download url..: http://pic.cnblogs.com/face/1425695/20190209150154.png
ERROR: 11-13 10:06:55: UrlHandler.py:157 * 16900 download url http://pic.cnblogs.com/face/1425695/20190209150154.png fail: a bytes-like object is required, not 'str' 
INFO: 11-13 10:06:57: UrlHandler.py:153 * 16900 download url..: http://pic.cnblogs.com/face/2194864/20201110161457.png
ERROR: 11-13 10:06:57: UrlHandler.py:157 * 16900 download url http://pic.cnblogs.com/face/2194864/20201110161457.png fail: a bytes-like object is required, not 'str' 
INFO: 11-13 10:06:58: UrlHandler.py:153 * 16752 download url..: http://common.cnblogs.com/images/ico_news.gif
ERROR: 11-13 10:06:58: UrlHandler.py:157 * 16752 download url http://common.cnblogs.com/images/ico_news.gif fail: a bytes-like object is required, not 'str' 
INFO: 11-13 10:06:58: UrlHandler.py:153 * 8476 download url..: http://pic.cnblogs.com/default-avatar.png
ERROR: 11-13 10:06:58: UrlHandler.py:157 * 8476 download url http://pic.cnblogs.com/default-avatar.png fail: a bytes-like object is required, not 'str' 
ERROR: 11-13 10:07:09: UrlHandler.py:49 * 16900 HTTPConnectionPool(host='www.miibeian.gov.cn', port=80): Max retries exceeded with url: / (Caused by NewConnectionError('<urllib3.connection.HTTPConnection object at 0x00000186CB620A60>: Failed to establish a new connection: [Errno 11001] getaddrinfo failed'))
INFO: 11-13 10:07:10: UrlHandler.py:153 * 16900 download url..: http://pic.cnblogs.com/face/1740355/20190712104046.png
ERROR: 11-13 10:07:10: UrlHandler.py:157 * 16900 download url http://pic.cnblogs.com/face/1740355/20190712104046.png fail: a bytes-like object is required, not 'str' 
INFO: 11-13 10:07:10: UrlHandler.py:153 * 13224 download url..: http://common.cnblogs.com/images/ico_ing.gif
ERROR: 11-13 10:07:10: UrlHandler.py:157 * 13224 download url http://common.cnblogs.com/images/ico_ing.gif fail: a bytes-like object is required, not 'str' 
INFO: 11-13 10:07:16: UrlHandler.py:153 * 1580 download url..: https://q.cnblogs.com/Images/ad.gif
ERROR: 11-13 10:07:16: UrlHandler.py:157 * 1580 download url https://q.cnblogs.com/Images/ad.gif fail: a bytes-like object is required, not 'str' 
INFO: 11-13 10:07:18: UrlHandler.py:153 * 16280 download url..: http://pic.cnblogs.com/face/1070689/20161129141238.png
ERROR: 11-13 10:07:18: UrlHandler.py:157 * 16280 download url http://pic.cnblogs.com/face/1070689/20161129141238.png fail: a bytes-like object is required, not 'str' 
INFO: 11-13 10:07:18: UrlHandler.py:153 * 8476 download url..: http://common.cnblogs.com/images/ico_kb.gif
ERROR: 11-13 10:07:18: UrlHandler.py:157 * 8476 download url http://common.cnblogs.com/images/ico_kb.gif fail: a bytes-like object is required, not 'str' 
INFO: 11-13 10:07:18: UrlHandler.py:153 * 13224 download url..: http://common.cnblogs.com/images/ico_question.gif
ERROR: 11-13 10:07:18: UrlHandler.py:157 * 13224 download url http://common.cnblogs.com/images/ico_question.gif fail: a bytes-like object is required, not 'str' 
INFO: 11-13 10:07:19: UrlHandler.py:153 * 8476 download url..: http://pic.cnblogs.com/face/1723527/20200623100416.png
ERROR: 11-13 10:07:19: UrlHandler.py:157 * 8476 download url http://pic.cnblogs.com/face/1723527/20200623100416.png fail: a bytes-like object is required, not 'str' 
INFO: 11-13 10:07:22: UrlHandler.py:153 * 8476 download url..: http://pic.cnblogs.com/face/1005283/20160807185052.png
ERROR: 11-13 10:07:22: UrlHandler.py:157 * 8476 download url http://pic.cnblogs.com/face/1005283/20160807185052.png fail: a bytes-like object is required, not 'str' 
INFO: 11-13 10:07:23: UrlHandler.py:153 * 1372 download url..: http://pic.cnblogs.com/face/1248951/20181211170633.png
ERROR: 11-13 10:07:23: UrlHandler.py:157 * 1372 download url http://pic.cnblogs.com/face/1248951/20181211170633.png fail: a bytes-like object is required, not 'str' 
INFO: 11-13 10:07:24: UrlHandler.py:153 * 16752 download url..: http://common.cnblogs.com/images/ico_group.gif
ERROR: 11-13 10:07:24: UrlHandler.py:157 * 16752 download url http://common.cnblogs.com/images/ico_group.gif fail: a bytes-like object is required, not 'str' 
INFO: 11-13 10:07:26: UrlHandler.py:153 * 8476 download url..: http://pic.cnblogs.com/face/1948659/20200221174600.png
ERROR: 11-13 10:07:26: UrlHandler.py:157 * 8476 download url http://pic.cnblogs.com/face/1948659/20200221174600.png fail: a bytes-like object is required, not 'str' 
INFO: 11-13 10:07:33: UrlHandler.py:153 * 8476 download url..: https://q.cnblogs.com/Images/askqesbg.png
ERROR: 11-13 10:07:33: UrlHandler.py:157 * 8476 download url https://q.cnblogs.com/Images/askqesbg.png fail: a bytes-like object is required, not 'str' 
INFO: 11-13 10:07:33: UrlHandler.py:153 * 16900 download url..: http://pic.cnblogs.com/face/1825674/20191008105800.png
ERROR: 11-13 10:07:33: UrlHandler.py:157 * 16900 download url http://pic.cnblogs.com/face/1825674/20191008105800.png fail: a bytes-like object is required, not 'str' 
INFO: 11-13 10:07:33: UrlHandler.py:153 * 13224 download url..: http://pic.cnblogs.com/face/2105178/20201027120823.png
ERROR: 11-13 10:07:33: UrlHandler.py:157 * 13224 download url http://pic.cnblogs.com/face/2105178/20201027120823.png fail: a bytes-like object is required, not 'str' 
INFO: 11-13 10:07:35: UrlHandler.py:153 * 1580 download url..: http://common.cnblogs.com/images/ico_blog.gif
ERROR: 11-13 10:07:35: UrlHandler.py:157 * 1580 download url http://common.cnblogs.com/images/ico_blog.gif fail: a bytes-like object is required, not 'str' 
INFO: 11-13 10:07:47: UrlHandler.py:153 * 16752 download url..: https://img2018.cnblogs.com/blog/431521/201907/431521-20190709111015806-1895614595.jpg
ERROR: 11-13 10:07:47: UrlHandler.py:157 * 16752 download url https://img2018.cnblogs.com/blog/431521/201907/431521-20190709111015806-1895614595.jpg fail: a bytes-like object is required, not 'str' 
INFO: 11-13 10:07:48: UrlHandler.py:153 * 6812 download url..: https://img2018.cnblogs.com/blog/431521/201907/431521-20190709111027531-697685419.png
ERROR: 11-13 10:07:48: UrlHandler.py:157 * 6812 download url https://img2018.cnblogs.com/blog/431521/201907/431521-20190709111027531-697685419.png fail: a bytes-like object is required, not 'str' 
INFO: 11-13 10:07:59: UrlHandler.py:153 * 16280 download url..: https://img2018.cnblogs.com/blog/431521/201907/431521-20190704111331506-1496546281.png
ERROR: 11-13 10:07:59: UrlHandler.py:157 * 16280 download url https://img2018.cnblogs.com/blog/431521/201907/431521-20190704111331506-1496546281.png fail: a bytes-like object is required, not 'str' 
INFO: 11-13 10:08:04: UrlHandler.py:153 * 6812 download url..: https://img2018.cnblogs.com/blog/431521/201907/431521-20190704111257300-260315012.png
ERROR: 11-13 10:08:04: UrlHandler.py:157 * 6812 download url https://img2018.cnblogs.com/blog/431521/201907/431521-20190704111257300-260315012.png fail: a bytes-like object is required, not 'str' 
INFO: 11-13 10:08:08: UrlHandler.py:153 * 13224 download url..: https://img2018.cnblogs.com/blog/431521/201907/431521-20190704111321098-1739080645.png
ERROR: 11-13 10:08:08: UrlHandler.py:157 * 13224 download url https://img2018.cnblogs.com/blog/431521/201907/431521-20190704111321098-1739080645.png fail: a bytes-like object is required, not 'str' 
INFO: 11-13 10:08:09: UrlHandler.py:153 * 6812 download url..: https://img2018.cnblogs.com/blog/431521/201907/431521-20190704111356636-29253815.png
ERROR: 11-13 10:08:09: UrlHandler.py:157 * 6812 download url https://img2018.cnblogs.com/blog/431521/201907/431521-20190704111356636-29253815.png fail: a bytes-like object is required, not 'str' 
INFO: 11-13 10:08:09: UrlHandler.py:153 * 1372 download url..: https://img2018.cnblogs.com/blog/431521/201907/431521-20190704111348940-236559782.png
ERROR: 11-13 10:08:09: UrlHandler.py:157 * 1372 download url https://img2018.cnblogs.com/blog/431521/201907/431521-20190704111348940-236559782.png fail: a bytes-like object is required, not 'str' 
INFO: 11-13 10:08:10: UrlHandler.py:153 * 1580 download url..: https://img2018.cnblogs.com/blog/431521/201907/431521-20190704111340122-677799039.png
ERROR: 11-13 10:08:11: UrlHandler.py:157 * 1580 download url https://img2018.cnblogs.com/blog/431521/201907/431521-20190704111340122-677799039.png fail: a bytes-like object is required, not 'str' 
INFO: 11-13 10:08:17: UrlHandler.py:153 * 16280 download url..: https://img2018.cnblogs.com/blog/431521/201907/431521-20190704111311847-319389079.png
ERROR: 11-13 10:08:17: UrlHandler.py:157 * 16280 download url https://img2018.cnblogs.com/blog/431521/201907/431521-20190704111311847-319389079.png fail: a bytes-like object is required, not 'str' 
INFO: 11-13 10:09:06: SpiderWorker.py:73 * 14472 Thread-1 start...
INFO: 11-13 10:09:06: SpiderWorker.py:73 * 14472 Thread-2 start...
INFO: 11-13 10:09:06: SpiderWorker.py:73 * 14472 Thread-3 start...
INFO: 11-13 10:09:06: SpiderWorker.py:73 * 14472 Thread-4 start...
INFO: 11-13 10:09:06: SpiderWorker.py:73 * 14472 Thread-5 start...
INFO: 11-13 10:09:06: SpiderWorker.py:73 * 14472 Thread-6 start...
INFO: 11-13 10:09:06: SpiderWorker.py:73 * 14472 Thread-7 start...
INFO: 11-13 10:09:06: SpiderWorker.py:73 * 14472 Thread-8 start...
INFO: 11-13 10:09:10: UrlHandler.py:153 * 16104 download url..: https://img2020.cnblogs.com/blog/35695/202011/35695-20201104135303888-13496776.png
ERROR: 11-13 10:09:10: UrlHandler.py:157 * 16104 download url https://img2020.cnblogs.com/blog/35695/202011/35695-20201104135303888-13496776.png fail: a bytes-like object is required, not 'str' 
INFO: 11-13 10:09:18: UrlHandler.py:153 * 18228 download url..: https://www.cnblogs.com/skins/custom/images/logo.gif
ERROR: 11-13 10:09:18: UrlHandler.py:157 * 18228 download url https://www.cnblogs.com/skins/custom/images/logo.gif fail: a bytes-like object is required, not 'str' 
INFO: 11-13 10:09:35: UrlHandler.py:153 * 15776 download url..: https://img2020.cnblogs.com/blog/35695/202011/35695-20201108112112124-811421304.jpg
ERROR: 11-13 10:09:35: UrlHandler.py:157 * 15776 download url https://img2020.cnblogs.com/blog/35695/202011/35695-20201108112112124-811421304.jpg fail: a bytes-like object is required, not 'str' 
ERROR: 11-13 10:09:38: UrlHandler.py:49 * 16104 HTTPConnectionPool(host='www.beian.miit.gov.cn', port=80): Max retries exceeded with url: / (Caused by NewConnectionError('<urllib3.connection.HTTPConnection object at 0x00000221AA6C16A0>: Failed to establish a new connection: [Errno 11001] getaddrinfo failed'))
INFO: 11-13 10:09:49: UrlHandler.py:153 * 15776 download url..: http://pic.cnblogs.com/face/2194864/20201110161457.png
ERROR: 11-13 10:09:49: UrlHandler.py:157 * 15776 download url http://pic.cnblogs.com/face/2194864/20201110161457.png fail: a bytes-like object is required, not 'str' 
INFO: 11-13 10:09:49: UrlHandler.py:153 * 14308 download url..: http://pic.cnblogs.com/face/1005283/20160807185052.png
ERROR: 11-13 10:09:49: UrlHandler.py:157 * 14308 download url http://pic.cnblogs.com/face/1005283/20160807185052.png fail: a bytes-like object is required, not 'str' 
INFO: 11-13 10:09:51: UrlHandler.py:153 * 18228 download url..: http://common.cnblogs.com/images/ico_bookmark.gif
ERROR: 11-13 10:09:51: UrlHandler.py:157 * 18228 download url http://common.cnblogs.com/images/ico_bookmark.gif fail: a bytes-like object is required, not 'str' 
INFO: 11-13 10:09:51: UrlHandler.py:153 * 16104 download url..: http://common.cnblogs.com/images/ico_job.gif
ERROR: 11-13 10:09:51: UrlHandler.py:157 * 16104 download url http://common.cnblogs.com/images/ico_job.gif fail: a bytes-like object is required, not 'str' 
INFO: 11-13 10:09:52: UrlHandler.py:153 * 14308 download url..: http://pic.cnblogs.com/default-avatar.png
ERROR: 11-13 10:09:52: UrlHandler.py:157 * 14308 download url http://pic.cnblogs.com/default-avatar.png fail: a bytes-like object is required, not 'str' 
INFO: 11-13 10:09:53: UrlHandler.py:153 * 14024 download url..: http://pic.cnblogs.com/face/1723527/20200623100416.png
ERROR: 11-13 10:09:53: UrlHandler.py:157 * 14024 download url http://pic.cnblogs.com/face/1723527/20200623100416.png fail: a bytes-like object is required, not 'str' 
INFO: 11-13 10:09:55: UrlHandler.py:153 * 15776 download url..: https://q.cnblogs.com/Images/ad.gif
ERROR: 11-13 10:09:55: UrlHandler.py:157 * 15776 download url https://q.cnblogs.com/Images/ad.gif fail: a bytes-like object is required, not 'str' 
INFO: 11-13 10:09:55: UrlHandler.py:153 * 16104 download url..: http://pic.cnblogs.com/face/1425695/20190209150154.png
ERROR: 11-13 10:09:55: UrlHandler.py:157 * 16104 download url http://pic.cnblogs.com/face/1425695/20190209150154.png fail: a bytes-like object is required, not 'str' 
INFO: 11-13 10:09:59: UrlHandler.py:153 * 18228 download url..: http://common.cnblogs.com/images/ico_news.gif
ERROR: 11-13 10:09:59: UrlHandler.py:157 * 18228 download url http://common.cnblogs.com/images/ico_news.gif fail: a bytes-like object is required, not 'str' 
INFO: 11-13 10:10:00: UrlHandler.py:153 * 18228 download url..: http://pic.cnblogs.com/face/949088/20180926100724.png
ERROR: 11-13 10:10:00: UrlHandler.py:157 * 18228 download url http://pic.cnblogs.com/face/949088/20180926100724.png fail: a bytes-like object is required, not 'str' 
INFO: 11-13 10:10:02: UrlHandler.py:153 * 15776 download url..: http://common.cnblogs.com/images/ico_ing.gif
ERROR: 11-13 10:10:02: UrlHandler.py:157 * 15776 download url http://common.cnblogs.com/images/ico_ing.gif fail: a bytes-like object is required, not 'str' 
INFO: 11-13 10:10:04: UrlHandler.py:153 * 14024 download url..: http://pic.cnblogs.com/face/1532357/20201019182515.png
ERROR: 11-13 10:10:04: UrlHandler.py:157 * 14024 download url http://pic.cnblogs.com/face/1532357/20201019182515.png fail: a bytes-like object is required, not 'str' 
ERROR: 11-13 10:10:14: UrlHandler.py:49 * 15776 HTTPConnectionPool(host='www.miibeian.gov.cn', port=80): Max retries exceeded with url: / (Caused by NewConnectionError('<urllib3.connection.HTTPConnection object at 0x00000221AAF61BB0>: Failed to establish a new connection: [Errno 11001] getaddrinfo failed'))
INFO: 11-13 10:10:16: UrlHandler.py:153 * 16104 download url..: http://pic.cnblogs.com/face/2037849/20200929151316.png
ERROR: 11-13 10:10:16: UrlHandler.py:157 * 16104 download url http://pic.cnblogs.com/face/2037849/20200929151316.png fail: a bytes-like object is required, not 'str' 
INFO: 11-13 10:10:19: UrlHandler.py:153 * 14024 download url..: http://pic.cnblogs.com/face/1948659/20200221174600.png
ERROR: 11-13 10:10:19: UrlHandler.py:157 * 14024 download url http://pic.cnblogs.com/face/1948659/20200221174600.png fail: a bytes-like object is required, not 'str' 
INFO: 11-13 10:10:21: UrlHandler.py:153 * 4628 download url..: http://common.cnblogs.com/images/logo/logo20170227.png
ERROR: 11-13 10:10:21: UrlHandler.py:157 * 4628 download url http://common.cnblogs.com/images/logo/logo20170227.png fail: a bytes-like object is required, not 'str' 
INFO: 11-13 10:10:21: UrlHandler.py:153 * 14308 download url..: https://q.cnblogs.com/Images/askqesbg.png
ERROR: 11-13 10:10:22: UrlHandler.py:157 * 14308 download url https://q.cnblogs.com/Images/askqesbg.png fail: a bytes-like object is required, not 'str' 
INFO: 11-13 10:10:23: UrlHandler.py:153 * 14308 download url..: http://common.cnblogs.com/images/ico_question.gif
ERROR: 11-13 10:10:23: UrlHandler.py:157 * 14308 download url http://common.cnblogs.com/images/ico_question.gif fail: a bytes-like object is required, not 'str' 
INFO: 11-13 10:10:24: UrlHandler.py:153 * 18228 download url..: http://common.cnblogs.com/images/ico_kb.gif
ERROR: 11-13 10:10:24: UrlHandler.py:157 * 18228 download url http://common.cnblogs.com/images/ico_kb.gif fail: a bytes-like object is required, not 'str' 
INFO: 11-13 10:10:25: UrlHandler.py:153 * 16104 download url..: http://pic.cnblogs.com/face/1070689/20161129141238.png
ERROR: 11-13 10:10:25: UrlHandler.py:157 * 16104 download url http://pic.cnblogs.com/face/1070689/20161129141238.png fail: a bytes-like object is required, not 'str' 
INFO: 11-13 10:10:27: UrlHandler.py:153 * 7356 download url..: http://pic.cnblogs.com/face/1825674/20191008105800.png
ERROR: 11-13 10:10:27: UrlHandler.py:157 * 7356 download url http://pic.cnblogs.com/face/1825674/20191008105800.png fail: a bytes-like object is required, not 'str' 
INFO: 11-13 10:10:27: UrlHandler.py:153 * 4628 download url..: http://common.cnblogs.com/images/icons/yuandou20170322.png
ERROR: 11-13 10:10:27: UrlHandler.py:157 * 4628 download url http://common.cnblogs.com/images/icons/yuandou20170322.png fail: a bytes-like object is required, not 'str' 
INFO: 11-13 10:10:29: UrlHandler.py:153 * 14308 download url..: http://common.cnblogs.com/images/ico_blog.gif
ERROR: 11-13 10:10:29: UrlHandler.py:157 * 14308 download url http://common.cnblogs.com/images/ico_blog.gif fail: a bytes-like object is required, not 'str' 
INFO: 11-13 10:10:29: UrlHandler.py:153 * 14024 download url..: http://pic.cnblogs.com/face/1248951/20181211170633.png
ERROR: 11-13 10:10:29: UrlHandler.py:157 * 14024 download url http://pic.cnblogs.com/face/1248951/20181211170633.png fail: a bytes-like object is required, not 'str' 
INFO: 11-13 10:10:30: UrlHandler.py:153 * 14308 download url..: http://common.cnblogs.com/images/ico_group.gif
ERROR: 11-13 10:10:30: UrlHandler.py:157 * 14308 download url http://common.cnblogs.com/images/ico_group.gif fail: a bytes-like object is required, not 'str' 
INFO: 11-13 10:10:31: UrlHandler.py:153 * 14308 download url..: http://pic.cnblogs.com/face/2105178/20201027120823.png
ERROR: 11-13 10:10:31: UrlHandler.py:157 * 14308 download url http://pic.cnblogs.com/face/2105178/20201027120823.png fail: a bytes-like object is required, not 'str' 
INFO: 11-13 10:10:34: UrlHandler.py:153 * 15776 download url..: http://pic.cnblogs.com/face/1740355/20190712104046.png
ERROR: 11-13 10:10:34: UrlHandler.py:157 * 15776 download url http://pic.cnblogs.com/face/1740355/20190712104046.png fail: a bytes-like object is required, not 'str' 
INFO: 11-13 10:10:51: UrlHandler.py:153 * 7356 download url..: https://img2018.cnblogs.com/blog/431521/201904/431521-20190415111037844-1058636985.png
ERROR: 11-13 10:10:51: UrlHandler.py:157 * 7356 download url https://img2018.cnblogs.com/blog/431521/201904/431521-20190415111037844-1058636985.png fail: a bytes-like object is required, not 'str' 
INFO: 11-13 10:10:54: UrlHandler.py:153 * 7356 download url..: https://pic.cnblogs.com/face/19327/20201110092000.png
ERROR: 11-13 10:10:54: UrlHandler.py:157 * 7356 download url https://pic.cnblogs.com/face/19327/20201110092000.png fail: a bytes-like object is required, not 'str' 
INFO: 11-13 10:10:58: UrlHandler.py:153 * 15776 download url..: https://pic.cnblogs.com/face/1153309/20201112212512.png
ERROR: 11-13 10:10:58: UrlHandler.py:157 * 15776 download url https://pic.cnblogs.com/face/1153309/20201112212512.png fail: a bytes-like object is required, not 'str' 
ERROR: 11-13 10:10:59: UrlHandler.py:49 * 18228 HTTPConnectionPool(host='www.beian.miit.gov.cn', port=80): Max retries exceeded with url: / (Caused by NewConnectionError('<urllib3.connection.HTTPConnection object at 0x00000221AACD6A00>: Failed to establish a new connection: [Errno 11001] getaddrinfo failed'))
INFO: 11-13 10:11:00: UrlHandler.py:153 * 14024 download url..: http://common.cnblogs.com/images/ghs.png
ERROR: 11-13 10:11:00: UrlHandler.py:157 * 14024 download url http://common.cnblogs.com/images/ghs.png fail: a bytes-like object is required, not 'str' 
INFO: 11-13 10:11:04: UrlHandler.py:153 * 16104 download url..: https://pic.cnblogs.com/face/2003955/20200411085046.png
ERROR: 11-13 10:11:04: UrlHandler.py:157 * 16104 download url https://pic.cnblogs.com/face/2003955/20200411085046.png fail: a bytes-like object is required, not 'str' 
INFO: 11-13 10:11:04: UrlHandler.py:153 * 15760 download url..: https://pic.cnblogs.com/face/1359074/20190718201152.png
ERROR: 11-13 10:11:04: UrlHandler.py:157 * 15760 download url https://pic.cnblogs.com/face/1359074/20190718201152.png fail: a bytes-like object is required, not 'str' 
INFO: 11-13 10:11:05: UrlHandler.py:153 * 4628 download url..: https://pic.cnblogs.com/face/1528535/20200512201044.png
ERROR: 11-13 10:11:05: UrlHandler.py:157 * 4628 download url https://pic.cnblogs.com/face/1528535/20200512201044.png fail: a bytes-like object is required, not 'str' 
INFO: 11-13 10:11:08: UrlHandler.py:153 * 7356 download url..: https://pic.cnblogs.com/face/485422/20200626185039.png
ERROR: 11-13 10:11:08: UrlHandler.py:157 * 7356 download url https://pic.cnblogs.com/face/485422/20200626185039.png fail: a bytes-like object is required, not 'str' 
INFO: 11-13 10:11:11: UrlHandler.py:153 * 7356 download url..: https://pic.cnblogs.com/face/1496926/20190627210356.png
ERROR: 11-13 10:11:11: UrlHandler.py:157 * 7356 download url https://pic.cnblogs.com/face/1496926/20190627210356.png fail: a bytes-like object is required, not 'str' 
INFO: 11-13 10:11:13: UrlHandler.py:153 * 14024 download url..: https://pic.cnblogs.com/face/1844192/20201109204638.png
ERROR: 11-13 10:11:13: UrlHandler.py:157 * 14024 download url https://pic.cnblogs.com/face/1844192/20201109204638.png fail: a bytes-like object is required, not 'str' 
INFO: 11-13 10:11:13: UrlHandler.py:153 * 15760 download url..: https://pic.cnblogs.com/face/191097/20141017195227.png
ERROR: 11-13 10:11:13: UrlHandler.py:157 * 15760 download url https://pic.cnblogs.com/face/191097/20141017195227.png fail: a bytes-like object is required, not 'str' 
INFO: 11-13 10:11:16: UrlHandler.py:153 * 15760 download url..: https://img2020.cnblogs.com/blog/35695/202011/35695-20201104175410099-1318590500.png
ERROR: 11-13 10:11:16: UrlHandler.py:157 * 15760 download url https://img2020.cnblogs.com/blog/35695/202011/35695-20201104175410099-1318590500.png fail: a bytes-like object is required, not 'str' 
INFO: 11-13 10:11:18: UrlHandler.py:153 * 14308 download url..: https://pic.cnblogs.com/face/1352849/20180724000144.png
ERROR: 11-13 10:11:18: UrlHandler.py:157 * 14308 download url https://pic.cnblogs.com/face/1352849/20180724000144.png fail: a bytes-like object is required, not 'str' 
INFO: 11-13 10:11:22: UrlHandler.py:153 * 7356 download url..: https://pic.cnblogs.com/face/1080590/20191014163606.png
ERROR: 11-13 10:11:22: UrlHandler.py:157 * 7356 download url https://pic.cnblogs.com/face/1080590/20191014163606.png fail: a bytes-like object is required, not 'str' 
ERROR: 11-13 10:11:22: UrlHandler.py:49 * 14024 HTTPSConnectionPool(host='ss.knet.cn', port=443): Max retries exceeded with url: /verifyseal.dll?sn=e131108110100433392itm000000&ct=df&a=1&pa=0.25787803245785335 (Caused by SSLError(SSLCertVerificationError(1, '[SSL: CERTIFICATE_VERIFY_FAILED] certificate verify failed: unable to get local issuer certificate (_ssl.c:1124)')))
INFO: 11-13 10:11:24: UrlHandler.py:153 * 4628 download url..: https://pic.cnblogs.com/face/659280/20200512215055.png
ERROR: 11-13 10:11:24: UrlHandler.py:157 * 4628 download url https://pic.cnblogs.com/face/659280/20200512215055.png fail: a bytes-like object is required, not 'str' 
INFO: 11-13 10:11:25: UrlHandler.py:153 * 7356 download url..: https://pic.cnblogs.com/face/2179781/20201012220952.png
ERROR: 11-13 10:11:25: UrlHandler.py:157 * 7356 download url https://pic.cnblogs.com/face/2179781/20201012220952.png fail: a bytes-like object is required, not 'str' 
INFO: 11-13 10:11:26: UrlHandler.py:153 * 14308 download url..: https://pic.cnblogs.com/face/167509/20160921140156.png
ERROR: 11-13 10:11:26: UrlHandler.py:157 * 14308 download url https://pic.cnblogs.com/face/167509/20160921140156.png fail: a bytes-like object is required, not 'str' 
INFO: 11-13 10:11:26: UrlHandler.py:153 * 15776 download url..: https://pic.cnblogs.com/face/35695/20201013225735.png
ERROR: 11-13 10:11:26: UrlHandler.py:157 * 15776 download url https://pic.cnblogs.com/face/35695/20201013225735.png fail: a bytes-like object is required, not 'str' 
INFO: 11-13 10:11:27: UrlHandler.py:153 * 7356 download url..: https://pic.cnblogs.com/face/1096103/20180416172833.png
ERROR: 11-13 10:11:27: UrlHandler.py:157 * 7356 download url https://pic.cnblogs.com/face/1096103/20180416172833.png fail: a bytes-like object is required, not 'str' 
INFO: 11-13 10:11:28: UrlHandler.py:153 * 7356 download url..: https://img2020.cnblogs.com/blog/35695/202011/35695-20201110200531630-9844.png
ERROR: 11-13 10:11:28: UrlHandler.py:157 * 7356 download url https://img2020.cnblogs.com/blog/35695/202011/35695-20201110200531630-9844.png fail: a bytes-like object is required, not 'str' 
INFO: 11-13 10:11:30: UrlHandler.py:153 * 15776 download url..: http://common.cnblogs.com/images/cnnic.png
ERROR: 11-13 10:11:30: UrlHandler.py:157 * 15776 download url http://common.cnblogs.com/images/cnnic.png fail: a bytes-like object is required, not 'str' 
INFO: 11-13 10:11:30: UrlHandler.py:153 * 16104 download url..: https://pic.cnblogs.com/face/2085020/20201013085953.png
ERROR: 11-13 10:11:30: UrlHandler.py:157 * 16104 download url https://pic.cnblogs.com/face/2085020/20201013085953.png fail: a bytes-like object is required, not 'str' 
INFO: 11-13 10:11:33: UrlHandler.py:153 * 7356 download url..: https://pic.cnblogs.com/face/697113/20180814132007.png
ERROR: 11-13 10:11:33: UrlHandler.py:157 * 7356 download url https://pic.cnblogs.com/face/697113/20180814132007.png fail: a bytes-like object is required, not 'str' 
INFO: 11-13 10:11:50: UrlHandler.py:153 * 18228 download url..: http://common.cnblogs.com/images/home/ico_bookmark.gif
ERROR: 11-13 10:11:50: UrlHandler.py:157 * 18228 download url http://common.cnblogs.com/images/home/ico_bookmark.gif fail: a bytes-like object is required, not 'str' 
INFO: 11-13 10:11:55: UrlHandler.py:153 * 4628 download url..: http://common.cnblogs.com/images/home/ico_blog.gif
ERROR: 11-13 10:11:55: UrlHandler.py:157 * 4628 download url http://common.cnblogs.com/images/home/ico_blog.gif fail: a bytes-like object is required, not 'str' 
INFO: 11-13 10:11:56: UrlHandler.py:153 * 14308 download url..: http://common.cnblogs.com/images/home/ico_kb.gif
ERROR: 11-13 10:11:56: UrlHandler.py:157 * 14308 download url http://common.cnblogs.com/images/home/ico_kb.gif fail: a bytes-like object is required, not 'str' 
INFO: 11-13 10:11:57: UrlHandler.py:153 * 15776 download url..: http://common.cnblogs.com/images/home/ico_question.gif
ERROR: 11-13 10:11:57: UrlHandler.py:157 * 15776 download url http://common.cnblogs.com/images/home/ico_question.gif fail: a bytes-like object is required, not 'str' 
INFO: 11-13 10:11:57: UrlHandler.py:153 * 15760 download url..: http://common.cnblogs.com/images/home/ico_ing.gif
ERROR: 11-13 10:11:57: UrlHandler.py:157 * 15760 download url http://common.cnblogs.com/images/home/ico_ing.gif fail: a bytes-like object is required, not 'str' 
INFO: 11-13 10:11:59: UrlHandler.py:153 * 15760 download url..: http://common.cnblogs.com/images/home/ico_news.gif
ERROR: 11-13 10:11:59: UrlHandler.py:157 * 15760 download url http://common.cnblogs.com/images/home/ico_news.gif fail: a bytes-like object is required, not 'str' 
INFO: 11-13 10:12:00: UrlHandler.py:153 * 4628 download url..: http://common.cnblogs.com/images/home/ico_group.gif
ERROR: 11-13 10:12:00: UrlHandler.py:157 * 4628 download url http://common.cnblogs.com/images/home/ico_group.gif fail: a bytes-like object is required, not 'str' 
INFO: 11-13 10:12:01: UrlHandler.py:153 * 15760 download url..: http://common.cnblogs.com/images/home/ico_job.gif
ERROR: 11-13 10:12:01: UrlHandler.py:157 * 15760 download url http://common.cnblogs.com/images/home/ico_job.gif fail: a bytes-like object is required, not 'str' 
INFO: 11-13 10:12:01: UrlHandler.py:153 * 4628 download url..: http://common.cnblogs.com/images/ico_top.gif
ERROR: 11-13 10:12:01: UrlHandler.py:157 * 4628 download url http://common.cnblogs.com/images/ico_top.gif fail: a bytes-like object is required, not 'str' 
INFO: 11-13 10:12:18: UrlHandler.py:153 * 15776 download url..: https://img2018.cnblogs.com/news_topic/20190813074344302-856625916.png
ERROR: 11-13 10:12:18: UrlHandler.py:157 * 15776 download url https://img2018.cnblogs.com/news_topic/20190813074344302-856625916.png fail: a bytes-like object is required, not 'str' 
INFO: 11-13 10:12:19: UrlHandler.py:153 * 7356 download url..: https://img2018.cnblogs.com/news_topic/20181019120306649-2007220449.png
ERROR: 11-13 10:12:19: UrlHandler.py:157 * 7356 download url https://img2018.cnblogs.com/news_topic/20181019120306649-2007220449.png fail: a bytes-like object is required, not 'str' 
INFO: 11-13 10:12:19: UrlHandler.py:153 * 14024 download url..: https://news.cnblogs.com/Images/ico_ing_cellphone.gif
ERROR: 11-13 10:12:19: UrlHandler.py:157 * 14024 download url https://news.cnblogs.com/Images/ico_ing_cellphone.gif fail: a bytes-like object is required, not 'str' 
INFO: 11-13 10:12:20: UrlHandler.py:153 * 7356 download url..: https://img2018.cnblogs.com/news_topic/20190730153501178-1904121953.png
ERROR: 11-13 10:12:20: UrlHandler.py:157 * 7356 download url https://img2018.cnblogs.com/news_topic/20190730153501178-1904121953.png fail: a bytes-like object is required, not 'str' 
INFO: 11-13 10:12:23: UrlHandler.py:153 * 15760 download url..: https://img2020.cnblogs.com/news_topic/20201014080642059-2004228935.png
ERROR: 11-13 10:12:23: UrlHandler.py:157 * 15760 download url https://img2020.cnblogs.com/news_topic/20201014080642059-2004228935.png fail: a bytes-like object is required, not 'str' 
INFO: 11-13 10:12:25: UrlHandler.py:153 * 15776 download url..: https://img2018.cnblogs.com/news_topic/20190902163847701-469993982.png
ERROR: 11-13 10:12:25: UrlHandler.py:157 * 15776 download url https://img2018.cnblogs.com/news_topic/20190902163847701-469993982.png fail: a bytes-like object is required, not 'str' 
INFO: 11-13 10:12:28: UrlHandler.py:153 * 16104 download url..: https://news.cnblogs.com/Images/logo.gif
ERROR: 11-13 10:12:28: UrlHandler.py:157 * 16104 download url https://news.cnblogs.com/Images/logo.gif fail: a bytes-like object is required, not 'str' 
INFO: 11-13 10:12:31: UrlHandler.py:153 * 7356 download url..: https://img2018.cnblogs.com/news_topic/20190906161325617-1698330440.png
ERROR: 11-13 10:12:31: UrlHandler.py:157 * 7356 download url https://img2018.cnblogs.com/news_topic/20190906161325617-1698330440.png fail: a bytes-like object is required, not 'str' 
INFO: 11-13 10:12:31: UrlHandler.py:153 * 4628 download url..: http://common.cnblogs.com/images/icon_rss_news.gif
ERROR: 11-13 10:12:31: UrlHandler.py:157 * 4628 download url http://common.cnblogs.com/images/icon_rss_news.gif fail: a bytes-like object is required, not 'str' 
INFO: 11-13 10:12:32: UrlHandler.py:153 * 7356 download url..: https://img2018.cnblogs.com/news_topic/20190124145829955-1801095810.png
ERROR: 11-13 10:12:32: UrlHandler.py:157 * 7356 download url https://img2018.cnblogs.com/news_topic/20190124145829955-1801095810.png fail: a bytes-like object is required, not 'str' 
INFO: 11-13 10:12:33: UrlHandler.py:153 * 16104 download url..: https://img2020.cnblogs.com/news_topic/20200706085628246-1266015956.gif
ERROR: 11-13 10:12:33: UrlHandler.py:157 * 16104 download url https://img2020.cnblogs.com/news_topic/20200706085628246-1266015956.gif fail: a bytes-like object is required, not 'str' 
INFO: 11-13 10:12:39: UrlHandler.py:153 * 14308 download url..: http://images2017.cnblogs.com/news_topic/20170829150318374-1903952524.png
ERROR: 11-13 10:12:39: UrlHandler.py:157 * 14308 download url http://images2017.cnblogs.com/news_topic/20170829150318374-1903952524.png fail: a bytes-like object is required, not 'str' 
INFO: 11-13 10:12:42: UrlHandler.py:153 * 14024 download url..: https://img2018.cnblogs.com/news_topic/20190730073028742-506112123.png
ERROR: 11-13 10:12:42: UrlHandler.py:157 * 14024 download url https://img2018.cnblogs.com/news_topic/20190730073028742-506112123.png fail: a bytes-like object is required, not 'str' 
INFO: 11-13 10:12:42: UrlHandler.py:153 * 4628 download url..: https://img2018.cnblogs.com/news_topic/20190903110342690-1278481212.png
INFO: 11-13 10:12:42: UrlHandler.py:153 * 16104 download url..: https://img2018.cnblogs.com/news_topic/20191011113837921-1266267629.png
ERROR: 11-13 10:12:42: UrlHandler.py:157 * 16104 download url https://img2018.cnblogs.com/news_topic/20191011113837921-1266267629.png fail: a bytes-like object is required, not 'str' 
ERROR: 11-13 10:12:42: UrlHandler.py:157 * 4628 download url https://img2018.cnblogs.com/news_topic/20190903110342690-1278481212.png fail: a bytes-like object is required, not 'str' 
INFO: 11-13 10:12:44: UrlHandler.py:153 * 7356 download url..: https://img2018.cnblogs.com/news_topic/20191025103959218-252635758.png
ERROR: 11-13 10:12:44: UrlHandler.py:157 * 7356 download url https://img2018.cnblogs.com/news_topic/20191025103959218-252635758.png fail: a bytes-like object is required, not 'str' 
INFO: 11-13 10:12:47: UrlHandler.py:153 * 16104 download url..: https://news.cnblogs.com/Images/more_comment.gif
ERROR: 11-13 10:12:47: UrlHandler.py:157 * 16104 download url https://news.cnblogs.com/Images/more_comment.gif fail: a bytes-like object is required, not 'str' 
INFO: 11-13 10:12:47: UrlHandler.py:153 * 14024 download url..: http://images0.cnblogs.com/news_topic/qualcomm.gif
ERROR: 11-13 10:12:47: UrlHandler.py:157 * 14024 download url http://images0.cnblogs.com/news_topic/qualcomm.gif fail: a bytes-like object is required, not 'str' 
INFO: 11-13 10:12:47: UrlHandler.py:153 * 15760 download url..: https://img2018.cnblogs.com/news_topic/20191016104507412-1030465726.png
ERROR: 11-13 10:12:47: UrlHandler.py:157 * 15760 download url https://img2018.cnblogs.com/news_topic/20191016104507412-1030465726.png fail: a bytes-like object is required, not 'str' 
INFO: 11-13 10:12:48: UrlHandler.py:153 * 16104 download url..: http://images2015.cnblogs.com/news_topic/20170513190647972-1823866796.png
ERROR: 11-13 10:12:48: UrlHandler.py:157 * 16104 download url http://images2015.cnblogs.com/news_topic/20170513190647972-1823866796.png fail: a bytes-like object is required, not 'str' 
INFO: 11-13 10:12:52: UrlHandler.py:153 * 16104 download url..: http://common.cnblogs.com/images/icon_rss.gif
ERROR: 11-13 10:12:52: UrlHandler.py:157 * 16104 download url http://common.cnblogs.com/images/icon_rss.gif fail: a bytes-like object is required, not 'str' 
INFO: 11-13 10:12:57: UrlHandler.py:153 * 16104 download url..: https://img2018.cnblogs.com/news_topic/20181019121101783-952728829.gif
INFO: 11-13 10:12:57: UrlHandler.py:153 * 14308 download url..: http://images0.cnblogs.com/news_topic/20150710111336752.png
ERROR: 11-13 10:12:57: UrlHandler.py:157 * 16104 download url https://img2018.cnblogs.com/news_topic/20181019121101783-952728829.gif fail: a bytes-like object is required, not 'str' 
ERROR: 11-13 10:12:57: UrlHandler.py:157 * 14308 download url http://images0.cnblogs.com/news_topic/20150710111336752.png fail: a bytes-like object is required, not 'str' 
INFO: 11-13 10:12:59: UrlHandler.py:153 * 18228 download url..: https://img2018.cnblogs.com/news_topic/20190822135902034-1340489350.png
ERROR: 11-13 10:12:59: UrlHandler.py:157 * 18228 download url https://img2018.cnblogs.com/news_topic/20190822135902034-1340489350.png fail: a bytes-like object is required, not 'str' 
INFO: 11-13 10:12:59: UrlHandler.py:153 * 15760 download url..: https://img2020.cnblogs.com/news_topic/20200901151934256-871654616.png
ERROR: 11-13 10:12:59: UrlHandler.py:157 * 15760 download url https://img2020.cnblogs.com/news_topic/20200901151934256-871654616.png fail: a bytes-like object is required, not 'str' 
INFO: 11-13 10:13:01: UrlHandler.py:153 * 4628 download url..: https://img2020.cnblogs.com/news_topic/20200919094008037-772837312.png
ERROR: 11-13 10:13:01: UrlHandler.py:157 * 4628 download url https://img2020.cnblogs.com/news_topic/20200919094008037-772837312.png fail: a bytes-like object is required, not 'str' 
INFO: 11-13 10:13:01: UrlHandler.py:153 * 14024 download url..: http://images0.cnblogs.com/news_topic/ITblog.jpg
ERROR: 11-13 10:13:01: UrlHandler.py:157 * 14024 download url http://images0.cnblogs.com/news_topic/ITblog.jpg fail: a bytes-like object is required, not 'str' 
INFO: 11-13 10:13:58: SpiderWorker.py:73 * 13224 Thread-1 start...
INFO: 11-13 10:13:58: SpiderWorker.py:73 * 13224 Thread-2 start...
INFO: 11-13 10:13:58: SpiderWorker.py:73 * 13224 Thread-3 start...
INFO: 11-13 10:13:58: SpiderWorker.py:73 * 13224 Thread-4 start...
INFO: 11-13 10:13:58: SpiderWorker.py:73 * 13224 Thread-5 start...
INFO: 11-13 10:13:58: SpiderWorker.py:73 * 13224 Thread-6 start...
INFO: 11-13 10:13:58: SpiderWorker.py:73 * 13224 Thread-7 start...
INFO: 11-13 10:13:58: SpiderWorker.py:73 * 13224 Thread-8 start...
INFO: 11-13 10:14:05: UrlHandler.py:153 * 6280 download url..: https://www.cnblogs.com/skins/custom/images/logo.gif
ERROR: 11-13 10:14:05: UrlHandler.py:157 * 6280 download url https://www.cnblogs.com/skins/custom/images/logo.gif fail: [Errno 13] Permission denied: 'D:\\Python\\Mini-spider\\result.txt' 
INFO: 11-13 10:14:07: UrlHandler.py:153 * 13324 download url..: https://img2020.cnblogs.com/blog/35695/202011/35695-20201104135303888-13496776.png
ERROR: 11-13 10:14:07: UrlHandler.py:157 * 13324 download url https://img2020.cnblogs.com/blog/35695/202011/35695-20201104135303888-13496776.png fail: [Errno 13] Permission denied: 'D:\\Python\\Mini-spider\\result.txt' 
